#
# There is insufficient memory for the Java Runtime Environment to continue.
# Native memory allocation (mmap) failed to map 127926272 bytes. Error detail: G1 virtual space
# Possible reasons:
#   The system is out of physical RAM or swap space
#   This process is running with CompressedOops enabled, and the Java Heap may be blocking the growth of the native heap
# Possible solutions:
#   Reduce memory load on the system
#   Increase physical memory or swap space
#   Check if swap backing store is full
#   Decrease Java heap size (-Xmx/-Xms)
#   Decrease number of Java threads
#   Decrease Java thread stack sizes (-Xss)
#   Set larger code cache with -XX:ReservedCodeCacheSize=
#   JVM is running with Unscaled Compressed Oops mode in which the Java heap is
#     placed in the first 4GB address space. The Java Heap base address is the
#     maximum limit for the native heap growth. Please use -XX:HeapBaseMinAddress
#     to set the Java Heap base and to place the Java Heap above 4GB virtual address.
# This output file may be truncated or incomplete.
#
#  Out of Memory Error (os_windows.cpp:3618), pid=39412, tid=34896
#
# JRE version: OpenJDK Runtime Environment Corretto-17.0.14.7.1 (17.0.14+7) (build 17.0.14+7-LTS)
# Java VM: OpenJDK 64-Bit Server VM Corretto-17.0.14.7.1 (17.0.14+7-LTS, mixed mode, emulated-client, sharing, tiered, compressed oops, compressed class ptrs, g1 gc, windows-amd64)
# No core dump will be written. Minidumps are not enabled by default on client versions of Windows
#

---------------  S U M M A R Y ------------

Command Line: -XX:TieredStopAtLevel=1 -Dspring.profiles.active=local -Dspring.output.ansi.enabled=always -Dcom.sun.management.jmxremote -Dspring.jmx.enabled=true -Dspring.liveBeansView.mbeanDomain -Dspring.application.admin.enabled=true -Dmanagement.endpoints.jmx.exposure.include=* -javaagent:C:\Users\jgen0\AppData\Local\JetBrains\IntelliJ IDEA 2023.2.2\lib\idea_rt.jar=49970:C:\Users\jgen0\AppData\Local\JetBrains\IntelliJ IDEA 2023.2.2\bin -Dfile.encoding=UTF-8 kr.kickon.api.ApiApplication

Host: 12th Gen Intel(R) Core(TM) i5-1240P, 16 cores, 7G,  Windows 11 , 64 bit Build 26100 (10.0.26100.3775)
Time: Thu May 15 01:24:17 2025  Windows 11 , 64 bit Build 26100 (10.0.26100.3775) elapsed time: 47.763852 seconds (0d 0h 0m 47s)

---------------  T H R E A D  ---------------

Current thread (0x000001972b206fe0):  VMThread "VM Thread" [stack: 0x0000005cb8700000,0x0000005cb8800000] [id=34896]

Stack: [0x0000005cb8700000,0x0000005cb8800000]
Native frames: (J=compiled Java code, j=interpreted, Vv=VM code, C=native code)
V  [jvm.dll+0x681069]
V  [jvm.dll+0x838cca]
V  [jvm.dll+0x83a78e]
V  [jvm.dll+0x83adf3]
V  [jvm.dll+0x24826f]
V  [jvm.dll+0x67dd99]
V  [jvm.dll+0x67286a]
V  [jvm.dll+0x30826b]
V  [jvm.dll+0x30f756]
V  [jvm.dll+0x35face]
V  [jvm.dll+0x35fd0f]
V  [jvm.dll+0x2df21c]
V  [jvm.dll+0x2dd5df]
V  [jvm.dll+0x2dcd0c]
V  [jvm.dll+0x3204ab]
V  [jvm.dll+0x83f2ed]
V  [jvm.dll+0x840032]
V  [jvm.dll+0x84055f]
V  [jvm.dll+0x840944]
V  [jvm.dll+0x840a10]
V  [jvm.dll+0x7e7f6c]
V  [jvm.dll+0x67ff37]
C  [ucrtbase.dll+0x37b0]
C  [KERNEL32.DLL+0x2e8d7]
C  [ntdll.dll+0xb14fc]

VM_Operation (0x0000005cbc2fd610): G1CollectForAllocation, mode: safepoint, requested by thread 0x0000019774ac96c0


---------------  P R O C E S S  ---------------

Threads class SMR info:
_java_thread_list=0x0000019774914400, length=60, elements={
0x00000197188f0700, 0x000001972b20e430, 0x000001972b20edf0, 0x0000019771008760,
0x0000019771009030, 0x0000019771009900, 0x000001977100a2c0, 0x000001977100bc50,
0x000001977100c970, 0x000001972b1f7450, 0x0000019771ad7ac0, 0x0000019771ad8e70,
0x0000019771f69640, 0x00000197711c3dd0, 0x0000019772cdf280, 0x0000019771f4f020,
0x0000019771040bc0, 0x000001977219b620, 0x000001977219d050, 0x0000019772b08610,
0x0000019772dca030, 0x0000019772b09540, 0x0000019772b06cc0, 0x0000019772b062a0,
0x0000019772b071d0, 0x0000019772b076e0, 0x0000019774ac8ca0, 0x0000019774acb010,
0x0000019774aca0e0, 0x0000019774ac7860, 0x0000019774aca5f0, 0x0000019774acab00,
0x0000019774acb520, 0x0000019774ac7d70, 0x0000019774ac8280, 0x0000019774acba30,
0x0000019774acbf40, 0x0000019774ac8790, 0x0000019774acc450, 0x0000019774acc960,
0x0000019774acce70, 0x0000019774ac96c0, 0x0000019774acd380, 0x0000019774ac9bd0,
0x0000019774acd890, 0x0000019774acdda0, 0x0000019774ace7c0, 0x0000019774ace2b0,
0x0000019774acecd0, 0x0000019774acf1e0, 0x0000019772b067b0, 0x0000019772b08b20,
0x0000019779063e20, 0x0000019779064840, 0x0000019779064d50, 0x0000019779062ef0,
0x0000019779063910, 0x0000019779065260, 0x00000197790629e0, 0x0000019779063400
}

Java Threads: ( => current thread )
  0x00000197188f0700 JavaThread "main" [_thread_blocked, id=11028, stack(0x0000005cb8100000,0x0000005cb8200000)]
  0x000001972b20e430 JavaThread "Reference Handler" daemon [_thread_blocked, id=23856, stack(0x0000005cb8800000,0x0000005cb8900000)]
  0x000001972b20edf0 JavaThread "Finalizer" daemon [_thread_blocked, id=27332, stack(0x0000005cb8900000,0x0000005cb8a00000)]
  0x0000019771008760 JavaThread "Signal Dispatcher" daemon [_thread_blocked, id=46028, stack(0x0000005cb8a00000,0x0000005cb8b00000)]
  0x0000019771009030 JavaThread "Attach Listener" daemon [_thread_blocked, id=8708, stack(0x0000005cb8b00000,0x0000005cb8c00000)]
  0x0000019771009900 JavaThread "Service Thread" daemon [_thread_blocked, id=37572, stack(0x0000005cb8c00000,0x0000005cb8d00000)]
  0x000001977100a2c0 JavaThread "Monitor Deflation Thread" daemon [_thread_blocked, id=42880, stack(0x0000005cb8d00000,0x0000005cb8e00000)]
  0x000001977100bc50 JavaThread "C1 CompilerThread0" daemon [_thread_blocked, id=42044, stack(0x0000005cb8e00000,0x0000005cb8f00000)]
  0x000001977100c970 JavaThread "Sweeper thread" daemon [_thread_blocked, id=32332, stack(0x0000005cb8f00000,0x0000005cb9000000)]
  0x000001972b1f7450 JavaThread "Common-Cleaner" daemon [_thread_blocked, id=40728, stack(0x0000005cb9100000,0x0000005cb9200000)]
  0x0000019771ad7ac0 JavaThread "Monitor Ctrl-Break" daemon [_thread_in_native, id=22752, stack(0x0000005cb9400000,0x0000005cb9500000)]
  0x0000019771ad8e70 JavaThread "Notification Thread" daemon [_thread_blocked, id=16808, stack(0x0000005cb9500000,0x0000005cb9600000)]
  0x0000019771f69640 JavaThread "RMI TCP Accept-0" daemon [_thread_in_native, id=11108, stack(0x0000005cb9300000,0x0000005cb9400000)]
  0x00000197711c3dd0 JavaThread "RMI TCP Connection(2)-192.168.0.27" daemon [_thread_blocked, id=13580, stack(0x0000005cb9000000,0x0000005cb9100000)]
  0x0000019772cdf280 JavaThread "RMI Scheduler(0)" daemon [_thread_blocked, id=24608, stack(0x0000005cb9200000,0x0000005cb9300000)]
  0x0000019771f4f020 JavaThread "RMI TCP Connection(4)-192.168.0.27" daemon [_thread_in_native, id=31592, stack(0x0000005cba000000,0x0000005cba100000)]
  0x0000019771040bc0 JavaThread "RMI TCP Connection(6)-192.168.0.27" daemon [_thread_in_native, id=2280, stack(0x0000005cba400000,0x0000005cba500000)]
  0x000001977219b620 JavaThread "C1 CompilerThread1" daemon [_thread_blocked, id=44744, stack(0x0000005cba700000,0x0000005cba800000)]
  0x000001977219d050 JavaThread "C1 CompilerThread2" daemon [_thread_blocked, id=24480, stack(0x0000005cba800000,0x0000005cba900000)]
  0x0000019772b08610 JavaThread "RMI TCP Connection(7)-192.168.0.27" daemon [_thread_blocked, id=39728, stack(0x0000005cbaa00000,0x0000005cbab00000)]
  0x0000019772dca030 JavaThread "C1 CompilerThread3" daemon [_thread_blocked, id=11516, stack(0x0000005cba900000,0x0000005cbaa00000)]
  0x0000019772b09540 JavaThread "mysql-cj-abandoned-connection-cleanup" daemon [_thread_blocked, id=38656, stack(0x0000005cbad00000,0x0000005cbae00000)]
  0x0000019772b06cc0 JavaThread "HikariPool-1 housekeeper" daemon [_thread_blocked, id=42808, stack(0x0000005cbaf00000,0x0000005cbb000000)]
  0x0000019772b062a0 JavaThread "Catalina-utility-1" [_thread_blocked, id=39328, stack(0x0000005cbb200000,0x0000005cbb300000)]
  0x0000019772b071d0 JavaThread "Catalina-utility-2" [_thread_blocked, id=6332, stack(0x0000005cbb300000,0x0000005cbb400000)]
  0x0000019772b076e0 JavaThread "container-0" [_thread_blocked, id=44004, stack(0x0000005cbb400000,0x0000005cbb500000)]
  0x0000019774ac8ca0 JavaThread "slack-api-metrics:60af38ec-worker-79" daemon [_thread_blocked, id=33888, stack(0x0000005cbb000000,0x0000005cbb100000)]
  0x0000019774acb010 JavaThread "slack-api-metrics:6b916473-worker-80" daemon [_thread_blocked, id=29672, stack(0x0000005cbb500000,0x0000005cbb600000)]
  0x0000019774aca0e0 JavaThread "slack-api-metrics:4ef06fcb-worker-81" daemon [_thread_blocked, id=16300, stack(0x0000005cbb600000,0x0000005cbb700000)]
  0x0000019774ac7860 JavaThread "slack-api-metrics:2ff660ec-worker-82" daemon [_thread_blocked, id=500, stack(0x0000005cbb700000,0x0000005cbb800000)]
  0x0000019774aca5f0 JavaThread "slack-api-metrics:7ff92527-worker-83" daemon [_thread_blocked, id=43668, stack(0x0000005cbb800000,0x0000005cbb900000)]
  0x0000019774acab00 JavaThread "slack-api-metrics:134b19ae-worker-84" daemon [_thread_blocked, id=37000, stack(0x0000005cbb900000,0x0000005cbba00000)]
  0x0000019774acb520 JavaThread "slack-api-metrics:749635e9-worker-85" daemon [_thread_blocked, id=42376, stack(0x0000005cbba00000,0x0000005cbbb00000)]
  0x0000019774ac7d70 JavaThread "slack-api-metrics:46d7c4d0-worker-86" daemon [_thread_blocked, id=41288, stack(0x0000005cbbb00000,0x0000005cbbc00000)]
  0x0000019774ac8280 JavaThread "Thread-9" daemon [_thread_in_native, id=36844, stack(0x0000005cbbc00000,0x0000005cbbd00000)]
  0x0000019774acba30 JavaThread "lettuce-timer-3-1" daemon [_thread_blocked, id=7932, stack(0x0000005cbbd00000,0x0000005cbbe00000)]
  0x0000019774acbf40 JavaThread "ClassGraph-worker-0" daemon [_thread_blocked, id=19172, stack(0x0000005cbb100000,0x0000005cbb200000)]
  0x0000019774ac8790 JavaThread "ClassGraph-worker-1" daemon [_thread_blocked, id=28776, stack(0x0000005cbbe00000,0x0000005cbbf00000)]
  0x0000019774acc450 JavaThread "ClassGraph-worker-2" daemon [_thread_blocked, id=44780, stack(0x0000005cbbf00000,0x0000005cbc000000)]
  0x0000019774acc960 JavaThread "ClassGraph-worker-3" daemon [_thread_blocked, id=18300, stack(0x0000005cbc000000,0x0000005cbc100000)]
  0x0000019774acce70 JavaThread "ClassGraph-worker-4" daemon [_thread_blocked, id=23500, stack(0x0000005cbc100000,0x0000005cbc200000)]
  0x0000019774ac96c0 JavaThread "ClassGraph-worker-5" daemon [_thread_blocked, id=29432, stack(0x0000005cbc200000,0x0000005cbc300000)]
  0x0000019774acd380 JavaThread "ClassGraph-worker-6" daemon [_thread_blocked, id=35768, stack(0x0000005cbc300000,0x0000005cbc400000)]
  0x0000019774ac9bd0 JavaThread "ClassGraph-worker-7" daemon [_thread_blocked, id=6772, stack(0x0000005cbc400000,0x0000005cbc500000)]
  0x0000019774acd890 JavaThread "ClassGraph-worker-8" daemon [_thread_blocked, id=41700, stack(0x0000005cbc500000,0x0000005cbc600000)]
  0x0000019774acdda0 JavaThread "ClassGraph-worker-9" daemon [_thread_blocked, id=41660, stack(0x0000005cbc600000,0x0000005cbc700000)]
  0x0000019774ace7c0 JavaThread "ClassGraph-worker-10" daemon [_thread_blocked, id=38152, stack(0x0000005cbc700000,0x0000005cbc800000)]
  0x0000019774ace2b0 JavaThread "ClassGraph-worker-11" daemon [_thread_blocked, id=43588, stack(0x0000005cbc800000,0x0000005cbc900000)]
  0x0000019774acecd0 JavaThread "ClassGraph-worker-12" daemon [_thread_blocked, id=24096, stack(0x0000005cbc900000,0x0000005cbca00000)]
  0x0000019774acf1e0 JavaThread "ClassGraph-worker-13" daemon [_thread_blocked, id=21644, stack(0x0000005cbca00000,0x0000005cbcb00000)]
  0x0000019772b067b0 JavaThread "ClassGraph-worker-14" daemon [_thread_blocked, id=8288, stack(0x0000005cbcb00000,0x0000005cbcc00000)]
  0x0000019772b08b20 JavaThread "ClassGraph-worker-15" daemon [_thread_blocked, id=24552, stack(0x0000005cbcc00000,0x0000005cbcd00000)]
  0x0000019779063e20 JavaThread "ClassGraph-worker-16" daemon [_thread_blocked, id=45260, stack(0x0000005cbcd00000,0x0000005cbce00000)]
  0x0000019779064840 JavaThread "ClassGraph-worker-17" daemon [_thread_blocked, id=43564, stack(0x0000005cbce00000,0x0000005cbcf00000)]
  0x0000019779064d50 JavaThread "ClassGraph-worker-18" daemon [_thread_blocked, id=41960, stack(0x0000005cbcf00000,0x0000005cbd000000)]
  0x0000019779062ef0 JavaThread "ClassGraph-worker-19" daemon [_thread_blocked, id=16676, stack(0x0000005cbd000000,0x0000005cbd100000)]
  0x0000019779063910 JavaThread "ClassGraph-worker-20" daemon [_thread_blocked, id=34916, stack(0x0000005cbd100000,0x0000005cbd200000)]
  0x0000019779065260 JavaThread "ClassGraph-worker-21" daemon [_thread_blocked, id=31028, stack(0x0000005cbd200000,0x0000005cbd300000)]
  0x00000197790629e0 JavaThread "ClassGraph-worker-22" daemon [_thread_blocked, id=18248, stack(0x0000005cbd300000,0x0000005cbd400000)]
  0x0000019779063400 JavaThread "ClassGraph-worker-23" daemon [_thread_blocked, id=24276, stack(0x0000005cbd400000,0x0000005cbd500000)]

Other Threads:
=>0x000001972b206fe0 VMThread "VM Thread" [stack: 0x0000005cb8700000,0x0000005cb8800000] [id=34896]
  0x0000019771f54bf0 WatcherThread [stack: 0x0000005cb9600000,0x0000005cb9700000] [id=24412]
  0x000001971894c5f0 GCTaskThread "GC Thread#0" [stack: 0x0000005cb8200000,0x0000005cb8300000] [id=24440]
  0x0000019771fc84f0 GCTaskThread "GC Thread#1" [stack: 0x0000005cb9700000,0x0000005cb9800000] [id=13044]
  0x00000197721ed100 GCTaskThread "GC Thread#2" [stack: 0x0000005cb9800000,0x0000005cb9900000] [id=37412]
  0x00000197721ed3c0 GCTaskThread "GC Thread#3" [stack: 0x0000005cb9900000,0x0000005cb9a00000] [id=39448]
  0x00000197721ed680 GCTaskThread "GC Thread#4" [stack: 0x0000005cb9a00000,0x0000005cb9b00000] [id=19704]
  0x00000197721ed940 GCTaskThread "GC Thread#5" [stack: 0x0000005cb9b00000,0x0000005cb9c00000] [id=17596]
  0x00000197721efc10 GCTaskThread "GC Thread#6" [stack: 0x0000005cb9c00000,0x0000005cb9d00000] [id=43832]
  0x00000197721f0350 GCTaskThread "GC Thread#7" [stack: 0x0000005cb9d00000,0x0000005cb9e00000] [id=41940]
  0x00000197721f2620 GCTaskThread "GC Thread#8" [stack: 0x0000005cb9e00000,0x0000005cb9f00000] [id=22944]
  0x00000197723f5740 GCTaskThread "GC Thread#9" [stack: 0x0000005cb9f00000,0x0000005cba000000] [id=26540]
  0x00000197725a8040 GCTaskThread "GC Thread#10" [stack: 0x0000005cba100000,0x0000005cba200000] [id=38048]
  0x00000197726b3ee0 GCTaskThread "GC Thread#11" [stack: 0x0000005cba200000,0x0000005cba300000] [id=16632]
  0x00000197726b41a0 GCTaskThread "GC Thread#12" [stack: 0x0000005cba300000,0x0000005cba400000] [id=9412]
  0x000001971895dc90 ConcurrentGCThread "G1 Main Marker" [stack: 0x0000005cb8300000,0x0000005cb8400000] [id=34880]
  0x000001971895e6b0 ConcurrentGCThread "G1 Conc#0" [stack: 0x0000005cb8400000,0x0000005cb8500000] [id=10844]
  0x00000197726b22a0 ConcurrentGCThread "G1 Conc#1" [stack: 0x0000005cba500000,0x0000005cba600000] [id=43848]
  0x00000197725d8ac0 ConcurrentGCThread "G1 Conc#2" [stack: 0x0000005cba600000,0x0000005cba700000] [id=20296]
  0x000001971898e470 ConcurrentGCThread "G1 Refine#0" [stack: 0x0000005cb8500000,0x0000005cb8600000] [id=27512]
  0x000001972b0adee0 ConcurrentGCThread "G1 Service" [stack: 0x0000005cb8600000,0x0000005cb8700000] [id=35888]

Threads with active compile tasks:

VM state: at safepoint (normal execution)

VM Mutex/Monitor currently owned by a thread:  ([mutex/lock_event])
[0x00000197188ece00] Threads_lock - owner thread: 0x000001972b206fe0
[0x00000197188eb390] Heap_lock - owner thread: 0x0000019774ac96c0

Heap address: 0x0000000084600000, size: 1978 MB, Compressed Oops mode: 32-bit

CDS archive(s) mapped at: [0x000001972c000000-0x000001972cbb0000-0x000001972cbb0000), size 12255232, SharedBaseAddress: 0x000001972c000000, ArchiveRelocationMode: 1.
Compressed class space mapped at: 0x000001972d000000-0x000001976d000000, reserved size: 1073741824
Narrow klass base: 0x000001972c000000, Narrow klass shift: 0, Narrow klass range: 0x100000000

GC Precious Log:
 CPUs: 16 total, 16 available
 Memory: 7908M
 Large Page Support: Disabled
 NUMA Support: Disabled
 Compressed Oops: Enabled (32-bit)
 Heap Region Size: 1M
 Heap Min Capacity: 8M
 Heap Initial Capacity: 124M
 Heap Max Capacity: 1978M
 Pre-touch: Disabled
 Parallel Workers: 13
 Concurrent Workers: 3
 Concurrent Refinement Workers: 13
 Periodic GC: Disabled

Heap:
 garbage-first heap   total 126976K, used 77303K [0x0000000084600000, 0x0000000100000000)
  region size 1024K, 4 young (4096K), 4 survivors (4096K)
 Metaspace       used 99479K, committed 100288K, reserved 1179648K
  class space    used 13742K, committed 14144K, reserved 1048576K

Heap Regions: E=young(eden), S=young(survivor), O=old, HS=humongous(starts), HC=humongous(continues), CS=collection set, F=free, OA=open archive, CA=closed archive, TAMS=top-at-mark-start (previous, next)
|   0|0x0000000084600000, 0x0000000084700000, 0x0000000084700000|100%|HS|  |TAMS 0x0000000084700000, 0x0000000084700000| Complete 
|   1|0x0000000084700000, 0x0000000084800000, 0x0000000084800000|100%|HS|  |TAMS 0x0000000084800000, 0x0000000084800000| Complete 
|   2|0x0000000084800000, 0x0000000084900000, 0x0000000084900000|100%| O|  |TAMS 0x0000000084900000, 0x0000000084900000| Untracked 
|   3|0x0000000084900000, 0x0000000084a00000, 0x0000000084a00000|100%| O|  |TAMS 0x0000000084a00000, 0x0000000084a00000| Untracked 
|   4|0x0000000084a00000, 0x0000000084b00000, 0x0000000084b00000|100%| O|  |TAMS 0x0000000084b00000, 0x0000000084b00000| Untracked 
|   5|0x0000000084b00000, 0x0000000084c00000, 0x0000000084c00000|100%| O|  |TAMS 0x0000000084c00000, 0x0000000084c00000| Untracked 
|   6|0x0000000084c00000, 0x0000000084d00000, 0x0000000084d00000|100%| O|  |TAMS 0x0000000084d00000, 0x0000000084d00000| Untracked 
|   7|0x0000000084d00000, 0x0000000084e00000, 0x0000000084e00000|100%| O|  |TAMS 0x0000000084e00000, 0x0000000084e00000| Untracked 
|   8|0x0000000084e00000, 0x0000000084f00000, 0x0000000084f00000|100%| O|  |TAMS 0x0000000084f00000, 0x0000000084f00000| Untracked 
|   9|0x0000000084f00000, 0x0000000085000000, 0x0000000085000000|100%| O|  |TAMS 0x0000000085000000, 0x0000000085000000| Untracked 
|  10|0x0000000085000000, 0x0000000085100000, 0x0000000085100000|100%| O|  |TAMS 0x0000000085100000, 0x0000000085100000| Untracked 
|  11|0x0000000085100000, 0x0000000085200000, 0x0000000085200000|100%| O|  |TAMS 0x0000000085200000, 0x0000000085200000| Untracked 
|  12|0x0000000085200000, 0x0000000085300000, 0x0000000085300000|100%| O|  |TAMS 0x0000000085300000, 0x0000000085300000| Untracked 
|  13|0x0000000085300000, 0x0000000085400000, 0x0000000085400000|100%| O|  |TAMS 0x0000000085300000, 0x0000000085300000| Untracked 
|  14|0x0000000085400000, 0x0000000085500000, 0x0000000085500000|100%| O|  |TAMS 0x0000000085500000, 0x0000000085500000| Untracked 
|  15|0x0000000085500000, 0x0000000085600000, 0x0000000085600000|100%| O|  |TAMS 0x0000000085600000, 0x0000000085600000| Untracked 
|  16|0x0000000085600000, 0x0000000085700000, 0x0000000085700000|100%| O|  |TAMS 0x0000000085700000, 0x0000000085700000| Untracked 
|  17|0x0000000085700000, 0x0000000085800000, 0x0000000085800000|100%| O|  |TAMS 0x0000000085800000, 0x0000000085800000| Untracked 
|  18|0x0000000085800000, 0x0000000085900000, 0x0000000085900000|100%| O|  |TAMS 0x0000000085900000, 0x0000000085900000| Untracked 
|  19|0x0000000085900000, 0x0000000085a00000, 0x0000000085a00000|100%| O|  |TAMS 0x0000000085a00000, 0x0000000085a00000| Untracked 
|  20|0x0000000085a00000, 0x0000000085b00000, 0x0000000085b00000|100%| O|  |TAMS 0x0000000085b00000, 0x0000000085b00000| Untracked 
|  21|0x0000000085b00000, 0x0000000085c00000, 0x0000000085c00000|100%| O|  |TAMS 0x0000000085c00000, 0x0000000085c00000| Untracked 
|  22|0x0000000085c00000, 0x0000000085d00000, 0x0000000085d00000|100%| O|  |TAMS 0x0000000085d00000, 0x0000000085d00000| Untracked 
|  23|0x0000000085d00000, 0x0000000085e00000, 0x0000000085e00000|100%| O|  |TAMS 0x0000000085e00000, 0x0000000085e00000| Untracked 
|  24|0x0000000085e00000, 0x0000000085f00000, 0x0000000085f00000|100%| O|  |TAMS 0x0000000085f00000, 0x0000000085f00000| Untracked 
|  25|0x0000000085f00000, 0x0000000086000000, 0x0000000086000000|100%| O|  |TAMS 0x0000000086000000, 0x0000000086000000| Untracked 
|  26|0x0000000086000000, 0x0000000086100000, 0x0000000086100000|100%| O|  |TAMS 0x0000000086100000, 0x0000000086100000| Untracked 
|  27|0x0000000086100000, 0x0000000086200000, 0x0000000086200000|100%| O|  |TAMS 0x0000000086200000, 0x0000000086200000| Untracked 
|  28|0x0000000086200000, 0x0000000086300000, 0x0000000086300000|100%| O|  |TAMS 0x0000000086300000, 0x0000000086300000| Untracked 
|  29|0x0000000086300000, 0x0000000086400000, 0x0000000086400000|100%| O|  |TAMS 0x0000000086400000, 0x0000000086400000| Untracked 
|  30|0x0000000086400000, 0x0000000086500000, 0x0000000086500000|100%| O|  |TAMS 0x0000000086500000, 0x0000000086500000| Untracked 
|  31|0x0000000086500000, 0x0000000086600000, 0x0000000086600000|100%| O|  |TAMS 0x0000000086600000, 0x0000000086600000| Untracked 
|  32|0x0000000086600000, 0x0000000086700000, 0x0000000086700000|100%| O|  |TAMS 0x0000000086700000, 0x0000000086700000| Untracked 
|  33|0x0000000086700000, 0x0000000086800000, 0x0000000086800000|100%| O|  |TAMS 0x0000000086800000, 0x0000000086800000| Untracked 
|  34|0x0000000086800000, 0x0000000086900000, 0x0000000086900000|100%| O|  |TAMS 0x0000000086900000, 0x0000000086900000| Untracked 
|  35|0x0000000086900000, 0x0000000086a00000, 0x0000000086a00000|100%| O|  |TAMS 0x0000000086a00000, 0x0000000086a00000| Untracked 
|  36|0x0000000086a00000, 0x0000000086b00000, 0x0000000086b00000|100%| O|  |TAMS 0x0000000086b00000, 0x0000000086b00000| Untracked 
|  37|0x0000000086b00000, 0x0000000086c00000, 0x0000000086c00000|100%| O|  |TAMS 0x0000000086c00000, 0x0000000086c00000| Untracked 
|  38|0x0000000086c00000, 0x0000000086d00000, 0x0000000086d00000|100%| O|  |TAMS 0x0000000086d00000, 0x0000000086d00000| Untracked 
|  39|0x0000000086d00000, 0x0000000086e00000, 0x0000000086e00000|100%| O|  |TAMS 0x0000000086e00000, 0x0000000086e00000| Untracked 
|  40|0x0000000086e00000, 0x0000000086f00000, 0x0000000086f00000|100%| O|  |TAMS 0x0000000086f00000, 0x0000000086f00000| Untracked 
|  41|0x0000000086f00000, 0x0000000087000000, 0x0000000087000000|100%| O|  |TAMS 0x0000000087000000, 0x0000000087000000| Untracked 
|  42|0x0000000087000000, 0x0000000087100000, 0x0000000087100000|100%| O|  |TAMS 0x0000000087100000, 0x0000000087100000| Untracked 
|  43|0x0000000087100000, 0x0000000087200000, 0x0000000087200000|100%| O|  |TAMS 0x0000000087200000, 0x0000000087200000| Untracked 
|  44|0x0000000087200000, 0x0000000087300000, 0x0000000087300000|100%| O|  |TAMS 0x0000000087300000, 0x0000000087300000| Untracked 
|  45|0x0000000087300000, 0x0000000087400000, 0x0000000087400000|100%| O|  |TAMS 0x0000000087400000, 0x0000000087400000| Untracked 
|  46|0x0000000087400000, 0x0000000087500000, 0x0000000087500000|100%| O|  |TAMS 0x0000000087500000, 0x0000000087500000| Untracked 
|  47|0x0000000087500000, 0x0000000087600000, 0x0000000087600000|100%| O|  |TAMS 0x0000000087600000, 0x0000000087600000| Untracked 
|  48|0x0000000087600000, 0x0000000087700000, 0x0000000087700000|100%| O|  |TAMS 0x0000000087700000, 0x0000000087700000| Untracked 
|  49|0x0000000087700000, 0x0000000087800000, 0x0000000087800000|100%| O|  |TAMS 0x0000000087800000, 0x0000000087800000| Untracked 
|  50|0x0000000087800000, 0x0000000087900000, 0x0000000087900000|100%| O|  |TAMS 0x0000000087900000, 0x0000000087900000| Untracked 
|  51|0x0000000087900000, 0x0000000087a00000, 0x0000000087a00000|100%| O|  |TAMS 0x0000000087a00000, 0x0000000087a00000| Untracked 
|  52|0x0000000087a00000, 0x0000000087b00000, 0x0000000087b00000|100%| O|  |TAMS 0x0000000087b00000, 0x0000000087b00000| Untracked 
|  53|0x0000000087b00000, 0x0000000087c00000, 0x0000000087c00000|100%| O|  |TAMS 0x0000000087c00000, 0x0000000087c00000| Untracked 
|  54|0x0000000087c00000, 0x0000000087d00000, 0x0000000087d00000|100%| O|  |TAMS 0x0000000087c38800, 0x0000000087d00000| Untracked 
|  55|0x0000000087d00000, 0x0000000087e00000, 0x0000000087e00000|100%| O|  |TAMS 0x0000000087d00000, 0x0000000087e00000| Untracked 
|  56|0x0000000087e00000, 0x0000000087f00000, 0x0000000087f00000|100%| O|  |TAMS 0x0000000087e00000, 0x0000000087f00000| Untracked 
|  57|0x0000000087f00000, 0x0000000088000000, 0x0000000088000000|100%| O|  |TAMS 0x0000000087f00000, 0x0000000088000000| Untracked 
|  58|0x0000000088000000, 0x0000000088100000, 0x0000000088100000|100%| O|  |TAMS 0x0000000088000000, 0x0000000088100000| Untracked 
|  59|0x0000000088100000, 0x0000000088200000, 0x0000000088200000|100%| O|  |TAMS 0x0000000088100000, 0x0000000088200000| Untracked 
|  60|0x0000000088200000, 0x0000000088300000, 0x0000000088300000|100%| O|  |TAMS 0x0000000088200000, 0x0000000088300000| Untracked 
|  61|0x0000000088300000, 0x0000000088400000, 0x0000000088400000|100%| O|  |TAMS 0x0000000088300000, 0x0000000088400000| Untracked 
|  62|0x0000000088400000, 0x0000000088500000, 0x0000000088500000|100%| O|  |TAMS 0x0000000088400000, 0x0000000088500000| Untracked 
|  63|0x0000000088500000, 0x0000000088600000, 0x0000000088600000|100%| O|  |TAMS 0x0000000088500000, 0x0000000088600000| Untracked 
|  64|0x0000000088600000, 0x0000000088700000, 0x0000000088700000|100%| O|  |TAMS 0x0000000088600000, 0x0000000088700000| Untracked 
|  65|0x0000000088700000, 0x0000000088800000, 0x0000000088800000|100%| O|  |TAMS 0x0000000088700000, 0x0000000088800000| Untracked 
|  66|0x0000000088800000, 0x0000000088900000, 0x0000000088900000|100%| O|  |TAMS 0x0000000088800000, 0x0000000088900000| Untracked 
|  67|0x0000000088900000, 0x0000000088a00000, 0x0000000088a00000|100%| O|  |TAMS 0x0000000088900000, 0x0000000088a00000| Untracked 
|  68|0x0000000088a00000, 0x0000000088b00000, 0x0000000088b00000|100%| O|  |TAMS 0x0000000088a00000, 0x0000000088b00000| Untracked 
|  69|0x0000000088b00000, 0x0000000088c00000, 0x0000000088c00000|100%| O|  |TAMS 0x0000000088b00000, 0x0000000088c00000| Untracked 
|  70|0x0000000088c00000, 0x0000000088d00000, 0x0000000088d00000|100%| O|  |TAMS 0x0000000088c00000, 0x0000000088c70000| Untracked 
|  71|0x0000000088d00000, 0x0000000088d7dc00, 0x0000000088e00000| 49%| O|  |TAMS 0x0000000088d00000, 0x0000000088d00000| Untracked 
|  72|0x0000000088e00000, 0x0000000088e00000, 0x0000000088f00000|  0%| F|  |TAMS 0x0000000088e00000, 0x0000000088e00000| Untracked 
|  73|0x0000000088f00000, 0x0000000088f00000, 0x0000000089000000|  0%| F|  |TAMS 0x0000000088f00000, 0x0000000088f00000| Untracked 
|  74|0x0000000089000000, 0x0000000089000000, 0x0000000089100000|  0%| F|  |TAMS 0x0000000089000000, 0x0000000089000000| Untracked 
|  75|0x0000000089100000, 0x0000000089100000, 0x0000000089200000|  0%| F|  |TAMS 0x0000000089100000, 0x0000000089100000| Untracked 
|  76|0x0000000089200000, 0x0000000089200000, 0x0000000089300000|  0%| F|  |TAMS 0x0000000089200000, 0x0000000089200000| Untracked 
|  77|0x0000000089300000, 0x0000000089300000, 0x0000000089400000|  0%| F|  |TAMS 0x0000000089300000, 0x0000000089300000| Untracked 
|  78|0x0000000089400000, 0x0000000089400000, 0x0000000089500000|  0%| F|  |TAMS 0x0000000089400000, 0x0000000089400000| Untracked 
|  79|0x0000000089500000, 0x0000000089500000, 0x0000000089600000|  0%| F|  |TAMS 0x0000000089500000, 0x0000000089500000| Untracked 
|  80|0x0000000089600000, 0x0000000089600000, 0x0000000089700000|  0%| F|  |TAMS 0x0000000089600000, 0x0000000089600000| Untracked 
|  81|0x0000000089700000, 0x0000000089700000, 0x0000000089800000|  0%| F|  |TAMS 0x0000000089700000, 0x0000000089700000| Untracked 
|  82|0x0000000089800000, 0x0000000089800000, 0x0000000089900000|  0%| F|  |TAMS 0x0000000089800000, 0x0000000089800000| Untracked 
|  83|0x0000000089900000, 0x0000000089900000, 0x0000000089a00000|  0%| F|  |TAMS 0x0000000089900000, 0x0000000089900000| Untracked 
|  84|0x0000000089a00000, 0x0000000089a00000, 0x0000000089b00000|  0%| F|  |TAMS 0x0000000089a00000, 0x0000000089a00000| Untracked 
|  85|0x0000000089b00000, 0x0000000089b00000, 0x0000000089c00000|  0%| F|  |TAMS 0x0000000089b00000, 0x0000000089b00000| Untracked 
|  86|0x0000000089c00000, 0x0000000089c00000, 0x0000000089d00000|  0%| F|  |TAMS 0x0000000089c00000, 0x0000000089c00000| Untracked 
|  87|0x0000000089d00000, 0x0000000089d00000, 0x0000000089e00000|  0%| F|  |TAMS 0x0000000089d00000, 0x0000000089d00000| Untracked 
|  88|0x0000000089e00000, 0x0000000089e00000, 0x0000000089f00000|  0%| F|  |TAMS 0x0000000089e00000, 0x0000000089e00000| Untracked 
|  89|0x0000000089f00000, 0x000000008a000000, 0x000000008a000000|100%| S|CS|TAMS 0x0000000089f00000, 0x0000000089f00000| Complete 
|  90|0x000000008a000000, 0x000000008a100000, 0x000000008a100000|100%| S|CS|TAMS 0x000000008a000000, 0x000000008a000000| Complete 
|  91|0x000000008a100000, 0x000000008a200000, 0x000000008a200000|100%| S|CS|TAMS 0x000000008a100000, 0x000000008a100000| Complete 
|  92|0x000000008a200000, 0x000000008a300000, 0x000000008a300000|100%| S|CS|TAMS 0x000000008a200000, 0x000000008a200000| Complete 
|  93|0x000000008a300000, 0x000000008a300000, 0x000000008a400000|  0%| F|  |TAMS 0x000000008a300000, 0x000000008a300000| Untracked 
|  94|0x000000008a400000, 0x000000008a400000, 0x000000008a500000|  0%| F|  |TAMS 0x000000008a400000, 0x000000008a400000| Untracked 
|  95|0x000000008a500000, 0x000000008a500000, 0x000000008a600000|  0%| F|  |TAMS 0x000000008a500000, 0x000000008a500000| Untracked 
|  96|0x000000008a600000, 0x000000008a600000, 0x000000008a700000|  0%| F|  |TAMS 0x000000008a600000, 0x000000008a600000| Untracked 
|  97|0x000000008a700000, 0x000000008a700000, 0x000000008a800000|  0%| F|  |TAMS 0x000000008a700000, 0x000000008a700000| Untracked 
|  98|0x000000008a800000, 0x000000008a800000, 0x000000008a900000|  0%| F|  |TAMS 0x000000008a800000, 0x000000008a800000| Untracked 
|  99|0x000000008a900000, 0x000000008a900000, 0x000000008aa00000|  0%| F|  |TAMS 0x000000008a900000, 0x000000008a900000| Untracked 
| 100|0x000000008aa00000, 0x000000008aa00000, 0x000000008ab00000|  0%| F|  |TAMS 0x000000008aa00000, 0x000000008aa00000| Untracked 
| 101|0x000000008ab00000, 0x000000008ab00000, 0x000000008ac00000|  0%| F|  |TAMS 0x000000008ab00000, 0x000000008ab00000| Untracked 
| 102|0x000000008ac00000, 0x000000008ac00000, 0x000000008ad00000|  0%| F|  |TAMS 0x000000008ac00000, 0x000000008ac00000| Untracked 
| 103|0x000000008ad00000, 0x000000008ad00000, 0x000000008ae00000|  0%| F|  |TAMS 0x000000008ad00000, 0x000000008ad00000| Untracked 
| 104|0x000000008ae00000, 0x000000008ae00000, 0x000000008af00000|  0%| F|  |TAMS 0x000000008ae00000, 0x000000008ae00000| Untracked 
| 105|0x000000008af00000, 0x000000008af00000, 0x000000008b000000|  0%| F|  |TAMS 0x000000008af00000, 0x000000008af00000| Untracked 
| 106|0x000000008b000000, 0x000000008b000000, 0x000000008b100000|  0%| F|  |TAMS 0x000000008b000000, 0x000000008b000000| Untracked 
| 107|0x000000008b100000, 0x000000008b100000, 0x000000008b200000|  0%| F|  |TAMS 0x000000008b100000, 0x000000008b100000| Untracked 
| 108|0x000000008b200000, 0x000000008b200000, 0x000000008b300000|  0%| F|  |TAMS 0x000000008b200000, 0x000000008b200000| Untracked 
| 109|0x000000008b300000, 0x000000008b300000, 0x000000008b400000|  0%| F|  |TAMS 0x000000008b300000, 0x000000008b300000| Untracked 
| 110|0x000000008b400000, 0x000000008b400000, 0x000000008b500000|  0%| F|  |TAMS 0x000000008b400000, 0x000000008b400000| Untracked 
| 111|0x000000008b500000, 0x000000008b500000, 0x000000008b600000|  0%| F|  |TAMS 0x000000008b500000, 0x000000008b500000| Untracked 
| 112|0x000000008b600000, 0x000000008b600000, 0x000000008b700000|  0%| F|  |TAMS 0x000000008b600000, 0x000000008b600000| Untracked 
| 113|0x000000008b700000, 0x000000008b700000, 0x000000008b800000|  0%| F|  |TAMS 0x000000008b700000, 0x000000008b700000| Untracked 
| 114|0x000000008b800000, 0x000000008b800000, 0x000000008b900000|  0%| F|  |TAMS 0x000000008b800000, 0x000000008b800000| Untracked 
| 115|0x000000008b900000, 0x000000008b900000, 0x000000008ba00000|  0%| F|  |TAMS 0x000000008b900000, 0x000000008b900000| Untracked 
| 116|0x000000008ba00000, 0x000000008ba00000, 0x000000008bb00000|  0%| F|  |TAMS 0x000000008ba00000, 0x000000008ba00000| Untracked 
| 117|0x000000008bb00000, 0x000000008bb00000, 0x000000008bc00000|  0%| F|  |TAMS 0x000000008bb00000, 0x000000008bb00000| Untracked 
| 118|0x000000008bc00000, 0x000000008bc00000, 0x000000008bd00000|  0%| F|  |TAMS 0x000000008bc00000, 0x000000008bc00000| Untracked 
| 119|0x000000008bd00000, 0x000000008bd00000, 0x000000008be00000|  0%| F|  |TAMS 0x000000008bd00000, 0x000000008bd00000| Untracked 
| 120|0x000000008be00000, 0x000000008be00000, 0x000000008bf00000|  0%| F|  |TAMS 0x000000008be00000, 0x000000008be00000| Untracked 
| 121|0x000000008bf00000, 0x000000008bf00000, 0x000000008c000000|  0%| F|  |TAMS 0x000000008bf00000, 0x000000008bf00000| Untracked 
| 122|0x000000008c000000, 0x000000008c000000, 0x000000008c100000|  0%| F|  |TAMS 0x000000008c000000, 0x000000008c000000| Untracked 
| 123|0x000000008c100000, 0x000000008c100000, 0x000000008c200000|  0%| F|  |TAMS 0x000000008c100000, 0x000000008c100000| Untracked 

Card table byte_map: [0x00000197246a0000,0x0000019724a80000] _byte_map_base: 0x000001972427d000

Marking Bits (Prev, Next): (CMBitMap*) 0x000001971894dc20, (CMBitMap*) 0x000001971894dc60
 Prev Bits: [0x0000019724e60000, 0x0000019726d48000)
 Next Bits: [0x0000019726d50000, 0x0000019728c38000)

Polling page: 0x0000019716e70000

Metaspace:

Usage:
  Non-class:     83.73 MB used.
      Class:     13.42 MB used.
       Both:     97.15 MB used.

Virtual space:
  Non-class space:      128.00 MB reserved,      84.12 MB ( 66%) committed,  2 nodes.
      Class space:        1.00 GB reserved,      13.81 MB (  1%) committed,  1 nodes.
             Both:        1.12 GB reserved,      97.94 MB (  9%) committed. 

Chunk freelists:
   Non-Class:  11.30 MB
       Class:  2.19 MB
        Both:  13.48 MB

MaxMetaspaceSize: unlimited
CompressedClassSpaceSize: 1.00 GB
Initial GC threshold: 21.00 MB
Current GC threshold: 162.75 MB
CDS: on
MetaspaceReclaimPolicy: balanced
 - commit_granule_bytes: 65536.
 - commit_granule_words: 8192.
 - virtual_space_node_default_size: 8388608.
 - enlarge_chunks_in_place: 1.
 - new_chunks_are_fully_committed: 0.
 - uncommit_free_chunks: 1.
 - use_allocation_guard: 0.
 - handle_deallocations: 1.


Internal statistics:

num_allocs_failed_limit: 9.
num_arena_births: 1154.
num_arena_deaths: 0.
num_vsnodes_births: 3.
num_vsnodes_deaths: 0.
num_space_committed: 1566.
num_space_uncommitted: 0.
num_chunks_returned_to_freelist: 9.
num_chunks_taken_from_freelist: 4849.
num_chunk_merges: 6.
num_chunk_splits: 3522.
num_chunks_enlarged: 2716.
num_inconsistent_stats: 0.

CodeCache: size=49152Kb used=20536Kb max_used=20536Kb free=28615Kb
 bounds [0x00000197204f0000, 0x0000019721910000, 0x00000197234f0000]
 total_blobs=11801 nmethods=11008 adapters=715
 compilation: enabled
              stopped_count=0, restarted_count=0
 full_count=0

Compilation events (20 events):
Event: 46.580 Thread 0x000001977219b620 nmethod 11187 0x000001972120c710 code [0x000001972120c8c0, 0x000001972120ca38]
Event: 46.580 Thread 0x000001977219b620 11193       1       nonapi.io.github.classgraph.fastzipfilereader.PhysicalZipFile::hashCode (46 bytes)
Event: 46.580 Thread 0x000001977219d050 nmethod 11192 0x000001972120c390 code [0x000001972120c540, 0x000001972120c638]
Event: 46.580 Thread 0x000001977219d050 11194   !   1       nonapi.io.github.classgraph.fileslice.reader.RandomAccessFileChannelReader::read (93 bytes)
Event: 46.581 Thread 0x000001977100bc50 nmethod 11191 0x000001972120bb90 code [0x000001972120bd80, 0x000001972120c148]
Event: 46.581 Thread 0x000001977219b620 nmethod 11193 0x000001972120b710 code [0x000001972120b8c0, 0x000001972120ba38]
Event: 46.582 Thread 0x000001977219d050 nmethod 11194 0x000001972120aa90 code [0x000001972120aca0, 0x000001972120b2e8]
Event: 46.583 Thread 0x000001977219d050 11195       1       nonapi.io.github.classgraph.fileslice.reader.RandomAccessFileChannelReader::readShort (7 bytes)
Event: 46.583 Thread 0x000001977100bc50 11196       1       nonapi.io.github.classgraph.fastzipfilereader.NestedJarHandler$RecyclableInflater::getInflater (5 bytes)
Event: 46.584 Thread 0x000001977219d050 nmethod 11195 0x000001972120a790 code [0x000001972120a920, 0x000001972120aa08]
Event: 46.584 Thread 0x000001977100bc50 nmethod 11196 0x000001972120a490 code [0x000001972120a620, 0x000001972120a6f8]
Event: 46.584 Thread 0x000001977100bc50 11197   !   1       nonapi.io.github.classgraph.fastzipfilereader.NestedJarHandler$8::read (225 bytes)
Event: 46.584 Thread 0x000001977219b620 11198   !   1       nonapi.io.github.classgraph.fastzipfilereader.NestedJarHandler$8::close (37 bytes)
Event: 46.585 Thread 0x000001977219b620 nmethod 11198 0x0000019721209d10 code [0x0000019721209ee0, 0x000001972120a228]
Event: 46.585 Thread 0x000001977100bc50 nmethod 11197 0x0000019721208b10 code [0x0000019721208d80, 0x0000019721209608]
Event: 46.590 Thread 0x0000019772dca030 nmethod 11170 0x00000197211f5a10 code [0x00000197211f7040, 0x00000197212004c8]
Event: 46.592 Thread 0x0000019772dca030 11199 % !   1       nonapi.io.github.classgraph.fastzipfilereader.LogicalZipFile::readCentralDirectory @ 1477 (3373 bytes)
Event: 46.629 Thread 0x0000019772dca030 nmethod 11199% 0x00000197218e8110 code [0x00000197218e9780, 0x00000197218f45a8]
Event: 46.643 Thread 0x0000019772dca030 11200   !   1       sun.nio.fs.WindowsLinkSupport::getRealPath (500 bytes)
Event: 46.649 Thread 0x0000019772dca030 nmethod 11200 0x00000197218fcf90 code [0x00000197218fd480, 0x00000197218fedd8]

GC Heap History (20 events):
Event: 40.231 GC heap after
{Heap after GC invocations=21 (full 0):
 garbage-first heap   total 103424K, used 43746K [0x0000000084600000, 0x0000000100000000)
  region size 1024K, 2 young (2048K), 2 survivors (2048K)
 Metaspace       used 73002K, committed 73536K, reserved 1114112K
  class space    used 10249K, committed 10496K, reserved 1048576K
}
Event: 41.833 GC heap before
{Heap before GC invocations=21 (full 0):
 garbage-first heap   total 103424K, used 84706K [0x0000000084600000, 0x0000000100000000)
  region size 1024K, 42 young (43008K), 2 survivors (2048K)
 Metaspace       used 76612K, committed 77184K, reserved 1179648K
  class space    used 10792K, committed 11072K, reserved 1048576K
}
Event: 41.841 GC heap after
{Heap after GC invocations=22 (full 0):
 garbage-first heap   total 124928K, used 45837K [0x0000000084600000, 0x0000000100000000)
  region size 1024K, 4 young (4096K), 4 survivors (4096K)
 Metaspace       used 76612K, committed 77184K, reserved 1179648K
  class space    used 10792K, committed 11072K, reserved 1048576K
}
Event: 42.649 GC heap before
{Heap before GC invocations=22 (full 0):
 garbage-first heap   total 124928K, used 101133K [0x0000000084600000, 0x0000000100000000)
  region size 1024K, 58 young (59392K), 4 survivors (4096K)
 Metaspace       used 81761K, committed 82432K, reserved 1179648K
  class space    used 11498K, committed 11840K, reserved 1048576K
}
Event: 42.655 GC heap after
{Heap after GC invocations=23 (full 0):
 garbage-first heap   total 124928K, used 50071K [0x0000000084600000, 0x0000000100000000)
  region size 1024K, 8 young (8192K), 8 survivors (8192K)
 Metaspace       used 81761K, committed 82432K, reserved 1179648K
  class space    used 11498K, committed 11840K, reserved 1048576K
}
Event: 43.068 GC heap before
{Heap before GC invocations=23 (full 0):
 garbage-first heap   total 124928K, used 100247K [0x0000000084600000, 0x0000000100000000)
  region size 1024K, 57 young (58368K), 8 survivors (8192K)
 Metaspace       used 83000K, committed 83648K, reserved 1179648K
  class space    used 11620K, committed 11968K, reserved 1048576K
}
Event: 43.075 GC heap after
{Heap after GC invocations=24 (full 0):
 garbage-first heap   total 124928K, used 52851K [0x0000000084600000, 0x0000000100000000)
  region size 1024K, 4 young (4096K), 4 survivors (4096K)
 Metaspace       used 83000K, committed 83648K, reserved 1179648K
  class space    used 11620K, committed 11968K, reserved 1048576K
}
Event: 43.713 GC heap before
{Heap before GC invocations=24 (full 0):
 garbage-first heap   total 124928K, used 100979K [0x0000000084600000, 0x0000000100000000)
  region size 1024K, 51 young (52224K), 4 survivors (4096K)
 Metaspace       used 87556K, committed 88256K, reserved 1179648K
  class space    used 12172K, committed 12480K, reserved 1048576K
}
Event: 43.718 GC heap after
{Heap after GC invocations=25 (full 0):
 garbage-first heap   total 124928K, used 55105K [0x0000000084600000, 0x0000000100000000)
  region size 1024K, 6 young (6144K), 6 survivors (6144K)
 Metaspace       used 87556K, committed 88256K, reserved 1179648K
  class space    used 12172K, committed 12480K, reserved 1048576K
}
Event: 44.335 GC heap before
{Heap before GC invocations=25 (full 0):
 garbage-first heap   total 124928K, used 102209K [0x0000000084600000, 0x0000000100000000)
  region size 1024K, 52 young (53248K), 6 survivors (6144K)
 Metaspace       used 89542K, committed 90240K, reserved 1179648K
  class space    used 12445K, committed 12800K, reserved 1048576K
}
Event: 44.342 GC heap after
{Heap after GC invocations=26 (full 0):
 garbage-first heap   total 124928K, used 58292K [0x0000000084600000, 0x0000000100000000)
  region size 1024K, 6 young (6144K), 6 survivors (6144K)
 Metaspace       used 89542K, committed 90240K, reserved 1179648K
  class space    used 12445K, committed 12800K, reserved 1048576K
}
Event: 45.531 GC heap before
{Heap before GC invocations=26 (full 0):
 garbage-first heap   total 124928K, used 102324K [0x0000000084600000, 0x0000000100000000)
  region size 1024K, 49 young (50176K), 6 survivors (6144K)
 Metaspace       used 96492K, committed 97216K, reserved 1179648K
  class space    used 13290K, committed 13632K, reserved 1048576K
}
Event: 45.540 GC heap after
{Heap after GC invocations=27 (full 0):
 garbage-first heap   total 124928K, used 61633K [0x0000000084600000, 0x0000000100000000)
  region size 1024K, 7 young (7168K), 7 survivors (7168K)
 Metaspace       used 96492K, committed 97216K, reserved 1179648K
  class space    used 13290K, committed 13632K, reserved 1048576K
}
Event: 46.210 GC heap before
{Heap before GC invocations=27 (full 0):
 garbage-first heap   total 124928K, used 101569K [0x0000000084600000, 0x0000000100000000)
  region size 1024K, 46 young (47104K), 7 survivors (7168K)
 Metaspace       used 99004K, committed 99776K, reserved 1179648K
  class space    used 13637K, committed 14016K, reserved 1048576K
}
Event: 46.219 GC heap after
{Heap after GC invocations=28 (full 0):
 garbage-first heap   total 124928K, used 64033K [0x0000000084600000, 0x0000000100000000)
  region size 1024K, 3 young (3072K), 3 survivors (3072K)
 Metaspace       used 99004K, committed 99776K, reserved 1179648K
  class space    used 13637K, committed 14016K, reserved 1048576K
}
Event: 46.497 GC heap before
{Heap before GC invocations=29 (full 0):
 garbage-first heap   total 124928K, used 102945K [0x0000000084600000, 0x0000000100000000)
  region size 1024K, 41 young (41984K), 3 survivors (3072K)
 Metaspace       used 99479K, committed 100288K, reserved 1179648K
  class space    used 13742K, committed 14144K, reserved 1048576K
}
Event: 46.504 GC heap after
{Heap after GC invocations=30 (full 0):
 garbage-first heap   total 124928K, used 70973K [0x0000000084600000, 0x0000000100000000)
  region size 1024K, 6 young (6144K), 6 survivors (6144K)
 Metaspace       used 99479K, committed 100288K, reserved 1179648K
  class space    used 13742K, committed 14144K, reserved 1048576K
}
Event: 46.510 GC heap before
{Heap before GC invocations=30 (full 0):
 garbage-first heap   total 124928K, used 71997K [0x0000000084600000, 0x0000000100000000)
  region size 1024K, 7 young (7168K), 6 survivors (6144K)
 Metaspace       used 99479K, committed 100288K, reserved 1179648K
  class space    used 13742K, committed 14144K, reserved 1048576K
}
Event: 46.515 GC heap after
{Heap after GC invocations=31 (full 0):
 garbage-first heap   total 124928K, used 72128K [0x0000000084600000, 0x0000000100000000)
  region size 1024K, 1 young (1024K), 1 survivors (1024K)
 Metaspace       used 99479K, committed 100288K, reserved 1179648K
  class space    used 13742K, committed 14144K, reserved 1048576K
}
Event: 46.655 GC heap before
{Heap before GC invocations=31 (full 0):
 garbage-first heap   total 124928K, used 99776K [0x0000000084600000, 0x0000000100000000)
  region size 1024K, 29 young (29696K), 1 survivors (1024K)
 Metaspace       used 99479K, committed 100288K, reserved 1179648K
  class space    used 13742K, committed 14144K, reserved 1048576K
}

Dll operation events (14 events):
Event: 0.206 Loaded shared library C:\Users\jgen0\.jdks\corretto-17.0.14\bin\java.dll
Event: 0.255 Loaded shared library C:\Users\jgen0\.jdks\corretto-17.0.14\bin\jsvml.dll
Event: 0.918 Loaded shared library C:\Users\jgen0\.jdks\corretto-17.0.14\bin\zip.dll
Event: 0.937 Loaded shared library C:\Users\jgen0\.jdks\corretto-17.0.14\bin\instrument.dll
Event: 0.958 Loaded shared library C:\Users\jgen0\.jdks\corretto-17.0.14\bin\net.dll
Event: 0.969 Loaded shared library C:\Users\jgen0\.jdks\corretto-17.0.14\bin\nio.dll
Event: 0.982 Loaded shared library C:\Users\jgen0\.jdks\corretto-17.0.14\bin\zip.dll
Event: 3.469 Loaded shared library C:\Users\jgen0\AppData\Local\JetBrains\IntelliJ IDEA 2023.2.2\bin\breakgen64.dll
Event: 3.558 Loaded shared library C:\Users\jgen0\.jdks\corretto-17.0.14\bin\extnet.dll
Event: 3.581 Loaded shared library C:\Users\jgen0\.jdks\corretto-17.0.14\bin\jimage.dll
Event: 3.721 Loaded shared library C:\Users\jgen0\.jdks\corretto-17.0.14\bin\management.dll
Event: 3.801 Loaded shared library C:\Users\jgen0\.jdks\corretto-17.0.14\bin\management_ext.dll
Event: 8.526 Loaded shared library C:\Users\jgen0\.jdks\corretto-17.0.14\bin\verify.dll
Event: 12.270 Loaded shared library C:\Users\jgen0\.jdks\corretto-17.0.14\bin\sunmscapi.dll

Deoptimization events (18 events):
Event: 26.139 Thread 0x00000197188f0700 DEOPT PACKING pc=0x0000019720de386c sp=0x0000005cb81fe720
Event: 26.140 Thread 0x00000197188f0700 DEOPT UNPACKING pc=0x0000019720547143 sp=0x0000005cb81fdbd0 mode 0
Event: 34.641 Thread 0x00000197188f0700 DEOPT PACKING pc=0x0000019720f9a3b5 sp=0x0000005cb81fb990
Event: 34.641 Thread 0x00000197188f0700 DEOPT UNPACKING pc=0x0000019720547143 sp=0x0000005cb81faf38 mode 0
Event: 37.390 Thread 0x00000197188f0700 DEOPT PACKING pc=0x0000019720a56f01 sp=0x0000005cb81f8f80
Event: 37.391 Thread 0x00000197188f0700 DEOPT UNPACKING pc=0x0000019720547143 sp=0x0000005cb81f8410 mode 3
Event: 37.391 Thread 0x0000019772b06cc0 DEOPT PACKING pc=0x00000197209d4f17 sp=0x0000005cbaffec00
Event: 37.391 Thread 0x0000019772b06cc0 DEOPT UNPACKING pc=0x0000019720547143 sp=0x0000005cbaffe058 mode 3
Event: 42.264 Thread 0x00000197188f0700 DEOPT PACKING pc=0x0000019720c09d1c sp=0x0000005cb81f7170
Event: 42.264 Thread 0x00000197188f0700 DEOPT UNPACKING pc=0x0000019720547143 sp=0x0000005cb81f6630 mode 0
Event: 42.518 Thread 0x00000197188f0700 DEOPT PACKING pc=0x0000019720a87492 sp=0x0000005cb81fc990
Event: 42.519 Thread 0x00000197188f0700 DEOPT UNPACKING pc=0x0000019720547143 sp=0x0000005cb81fbe98 mode 3
Event: 42.519 Thread 0x00000197188f0700 DEOPT PACKING pc=0x0000019720a4fa1d sp=0x0000005cb81fc950
Event: 42.519 Thread 0x00000197188f0700 DEOPT UNPACKING pc=0x0000019720547143 sp=0x0000005cb81fbe98 mode 3
Event: 45.848 Thread 0x00000197188f0700 DEOPT PACKING pc=0x0000019721852c2c sp=0x0000005cb81fc520
Event: 45.848 Thread 0x00000197188f0700 DEOPT UNPACKING pc=0x0000019720547143 sp=0x0000005cb81fbb10 mode 0
Event: 45.951 Thread 0x00000197188f0700 DEOPT PACKING pc=0x0000019721852c2c sp=0x0000005cb81fdcc0
Event: 45.951 Thread 0x00000197188f0700 DEOPT UNPACKING pc=0x0000019720547143 sp=0x0000005cb81fd2b0 mode 0

Classes loaded (20 events):
Event: 45.826 Loading class sun/reflect/generics/repository/FieldRepository
Event: 45.827 Loading class sun/reflect/generics/repository/FieldRepository done
Event: 45.843 Loading class java/util/ArrayList$ListItr
Event: 45.844 Loading class java/util/ArrayList$ListItr done
Event: 46.072 Loading class java/util/Comparators$NullComparator
Event: 46.072 Loading class java/util/Comparators$NullComparator done
Event: 46.089 Loading class sun/reflect/annotation/TypeAnnotation$TypeAnnotationTargetInfo
Event: 46.089 Loading class sun/reflect/annotation/TypeAnnotation$TypeAnnotationTargetInfo done
Event: 46.290 Loading class java/security/DomainCombiner
Event: 46.290 Loading class java/security/DomainCombiner done
Event: 46.317 Loading class java/lang/LayerInstantiationException
Event: 46.317 Loading class java/lang/LayerInstantiationException done
Event: 46.317 Loading class jdk/internal/loader/Loader
Event: 46.318 Loading class jdk/internal/loader/Loader done
Event: 46.328 Loading class java/io/IOError
Event: 46.328 Loading class java/io/IOError done
Event: 46.379 Loading class sun/nio/fs/WindowsLinkSupport
Event: 46.379 Loading class sun/nio/fs/WindowsLinkSupport done
Event: 46.425 Loading class java/util/zip/DataFormatException
Event: 46.426 Loading class java/util/zip/DataFormatException done

Classes unloaded (0 events):
No events

Classes redefined (0 events):
No events

Internal exceptions (20 events):
Event: 46.404 Thread 0x0000019774acc450 Exception <a 'sun/nio/fs/WindowsException'{0x000000008b6bf8f0}> (0x000000008b6bf8f0) 
thrown [s\src\hotspot\share\prims\jni.cpp, line 516]
Event: 46.404 Thread 0x0000019774ac8790 Exception <a 'sun/nio/fs/WindowsException'{0x000000008b8b4490}> (0x000000008b8b4490) 
thrown [s\src\hotspot\share\prims\jni.cpp, line 516]
Event: 46.404 Thread 0x0000019774acc450 Exception <a 'sun/nio/fs/WindowsException'{0x000000008b6bfb90}> (0x000000008b6bfb90) 
thrown [s\src\hotspot\share\prims\jni.cpp, line 516]
Event: 46.404 Thread 0x0000019774ac8790 Exception <a 'sun/nio/fs/WindowsException'{0x000000008b8b4748}> (0x000000008b8b4748) 
thrown [s\src\hotspot\share\prims\jni.cpp, line 516]
Event: 46.405 Thread 0x0000019774acc450 Exception <a 'sun/nio/fs/WindowsException'{0x000000008b6c0480}> (0x000000008b6c0480) 
thrown [s\src\hotspot\share\prims\jni.cpp, line 516]
Event: 46.406 Thread 0x0000019774ac8790 Exception <a 'sun/nio/fs/WindowsException'{0x000000008b8b5050}> (0x000000008b8b5050) 
thrown [s\src\hotspot\share\prims\jni.cpp, line 516]
Event: 46.406 Thread 0x0000019774acc450 Exception <a 'sun/nio/fs/WindowsException'{0x000000008b6c0738}> (0x000000008b6c0738) 
thrown [s\src\hotspot\share\prims\jni.cpp, line 516]
Event: 46.406 Thread 0x0000019774ac8790 Exception <a 'sun/nio/fs/WindowsException'{0x000000008b8b5318}> (0x000000008b8b5318) 
thrown [s\src\hotspot\share\prims\jni.cpp, line 516]
Event: 46.406 Thread 0x0000019774acc450 Exception <a 'sun/nio/fs/WindowsException'{0x000000008b6c1050}> (0x000000008b6c1050) 
thrown [s\src\hotspot\share\prims\jni.cpp, line 516]
Event: 46.406 Thread 0x0000019774acc450 Exception <a 'sun/nio/fs/WindowsException'{0x000000008b6c1320}> (0x000000008b6c1320) 
thrown [s\src\hotspot\share\prims\jni.cpp, line 516]
Event: 46.406 Thread 0x0000019774ac8790 Exception <a 'sun/nio/fs/WindowsException'{0x000000008b8b5c38}> (0x000000008b8b5c38) 
thrown [s\src\hotspot\share\prims\jni.cpp, line 516]
Event: 46.406 Thread 0x0000019774ac8790 Exception <a 'sun/nio/fs/WindowsException'{0x000000008b8b5f20}> (0x000000008b8b5f20) 
thrown [s\src\hotspot\share\prims\jni.cpp, line 516]
Event: 46.407 Thread 0x0000019774acc450 Exception <a 'sun/nio/fs/WindowsException'{0x000000008b6c1c50}> (0x000000008b6c1c50) 
thrown [s\src\hotspot\share\prims\jni.cpp, line 516]
Event: 46.407 Thread 0x0000019774acc450 Exception <a 'sun/nio/fs/WindowsException'{0x000000008b6c1f40}> (0x000000008b6c1f40) 
thrown [s\src\hotspot\share\prims\jni.cpp, line 516]
Event: 46.407 Thread 0x0000019774ac8790 Exception <a 'sun/nio/fs/WindowsException'{0x000000008b8b6858}> (0x000000008b8b6858) 
thrown [s\src\hotspot\share\prims\jni.cpp, line 516]
Event: 46.407 Thread 0x0000019774ac8790 Exception <a 'sun/nio/fs/WindowsException'{0x000000008b8b6b58}> (0x000000008b8b6b58) 
thrown [s\src\hotspot\share\prims\jni.cpp, line 516]
Event: 46.408 Thread 0x0000019774acc450 Exception <a 'sun/nio/fs/WindowsException'{0x000000008b6c2858}> (0x000000008b6c2858) 
thrown [s\src\hotspot\share\prims\jni.cpp, line 516]
Event: 46.408 Thread 0x0000019774acc450 Exception <a 'sun/nio/fs/WindowsException'{0x000000008b6c2b40}> (0x000000008b6c2b40) 
thrown [s\src\hotspot\share\prims\jni.cpp, line 516]
Event: 46.408 Thread 0x0000019774ac8790 Exception <a 'sun/nio/fs/WindowsException'{0x000000008b8b7488}> (0x000000008b8b7488) 
thrown [s\src\hotspot\share\prims\jni.cpp, line 516]
Event: 46.408 Thread 0x0000019774ac8790 Exception <a 'sun/nio/fs/WindowsException'{0x000000008b8b7780}> (0x000000008b8b7780) 
thrown [s\src\hotspot\share\prims\jni.cpp, line 516]

VM Operations (20 events):
Event: 45.540 Executing VM operation: G1CollectForAllocation done
Event: 45.575 Executing VM operation: HandshakeAllThreads
Event: 45.575 Executing VM operation: HandshakeAllThreads done
Event: 45.846 Executing VM operation: HandshakeAllThreads
Event: 45.846 Executing VM operation: HandshakeAllThreads done
Event: 46.083 Executing VM operation: HandshakeAllThreads
Event: 46.083 Executing VM operation: HandshakeAllThreads done
Event: 46.084 Executing VM operation: HandshakeAllThreads
Event: 46.084 Executing VM operation: HandshakeAllThreads done
Event: 46.210 Executing VM operation: G1CollectForAllocation
Event: 46.219 Executing VM operation: G1CollectForAllocation done
Event: 46.258 Executing VM operation: G1PauseRemark
Event: 46.268 Executing VM operation: G1PauseRemark done
Event: 46.294 Executing VM operation: G1PauseCleanup
Event: 46.294 Executing VM operation: G1PauseCleanup done
Event: 46.497 Executing VM operation: G1CollectForAllocation
Event: 46.504 Executing VM operation: G1CollectForAllocation done
Event: 46.510 Executing VM operation: G1CollectForAllocation
Event: 46.515 Executing VM operation: G1CollectForAllocation done
Event: 46.655 Executing VM operation: G1CollectForAllocation

Memory protections (0 events):
No events

Nmethod flushes (20 events):
Event: 44.723 Thread 0x000001977100c970 flushing  nmethod 0x000001972138e310
Event: 44.723 Thread 0x000001977100c970 flushing  nmethod 0x0000019721390390
Event: 44.724 Thread 0x000001977100c970 flushing  nmethod 0x000001972140a690
Event: 44.724 Thread 0x000001977100c970 flushing  nmethod 0x0000019721435790
Event: 44.724 Thread 0x000001977100c970 flushing  nmethod 0x0000019721503c10
Event: 44.725 Thread 0x000001977100c970 flushing  nmethod 0x000001972154f010
Event: 44.725 Thread 0x000001977100c970 flushing  nmethod 0x000001972154f510
Event: 44.725 Thread 0x000001977100c970 flushing  nmethod 0x0000019721561910
Event: 44.725 Thread 0x000001977100c970 flushing  nmethod 0x0000019721563490
Event: 44.725 Thread 0x000001977100c970 flushing  nmethod 0x0000019721575c10
Event: 44.725 Thread 0x000001977100c970 flushing  nmethod 0x0000019721588a10
Event: 44.725 Thread 0x000001977100c970 flushing  nmethod 0x000001972158af10
Event: 44.725 Thread 0x000001977100c970 flushing  nmethod 0x000001972158e110
Event: 44.725 Thread 0x000001977100c970 flushing  nmethod 0x00000197215a3a90
Event: 44.725 Thread 0x000001977100c970 flushing  nmethod 0x00000197215af390
Event: 44.725 Thread 0x000001977100c970 flushing  nmethod 0x00000197215b6590
Event: 44.725 Thread 0x000001977100c970 flushing  nmethod 0x00000197215b7010
Event: 44.725 Thread 0x000001977100c970 flushing  nmethod 0x00000197215b7490
Event: 44.725 Thread 0x000001977100c970 flushing  nmethod 0x00000197215b8a90
Event: 44.726 Thread 0x000001977100c970 flushing  nmethod 0x0000019721695390

Events (20 events):
Event: 46.379 Thread 0x0000019774acbf40 Thread added: 0x0000019774acce70
Event: 46.379 Thread 0x0000019774acbf40 Thread added: 0x0000019774ac96c0
Event: 46.379 Thread 0x0000019774acbf40 Thread added: 0x0000019774acd380
Event: 46.379 Thread 0x0000019774acbf40 Thread added: 0x0000019774ac9bd0
Event: 46.379 Thread 0x0000019774acbf40 Thread added: 0x0000019774acd890
Event: 46.379 Thread 0x0000019774acbf40 Thread added: 0x0000019774acdda0
Event: 46.379 Thread 0x0000019774acbf40 Thread added: 0x0000019774ace7c0
Event: 46.379 Thread 0x0000019774acbf40 Thread added: 0x0000019774ace2b0
Event: 46.379 Thread 0x0000019774acbf40 Thread added: 0x0000019774acecd0
Event: 46.379 Thread 0x0000019774acbf40 Thread added: 0x0000019774acf1e0
Event: 46.379 Thread 0x0000019774acbf40 Thread added: 0x0000019772b067b0
Event: 46.380 Thread 0x0000019774acbf40 Thread added: 0x0000019772b08b20
Event: 46.380 Thread 0x0000019774acbf40 Thread added: 0x0000019779063e20
Event: 46.380 Thread 0x0000019774acbf40 Thread added: 0x0000019779064840
Event: 46.380 Thread 0x0000019774acbf40 Thread added: 0x0000019779064d50
Event: 46.380 Thread 0x0000019774acbf40 Thread added: 0x0000019779062ef0
Event: 46.380 Thread 0x0000019774acbf40 Thread added: 0x0000019779063910
Event: 46.381 Thread 0x0000019774acbf40 Thread added: 0x0000019779065260
Event: 46.381 Thread 0x0000019774acbf40 Thread added: 0x00000197790629e0
Event: 46.381 Thread 0x0000019774acbf40 Thread added: 0x0000019779063400


Dynamic libraries:
0x00007ff7b6e30000 - 0x00007ff7b6e3e000 	C:\Users\jgen0\.jdks\corretto-17.0.14\bin\java.exe
0x00007ff850780000 - 0x00007ff8509e0000 	C:\WINDOWS\SYSTEM32\ntdll.dll
0x00007ff84fa30000 - 0x00007ff84faf7000 	C:\WINDOWS\System32\KERNEL32.DLL
0x00007ff84df90000 - 0x00007ff84e35a000 	C:\WINDOWS\System32\KERNELBASE.dll
0x00007ff84d960000 - 0x00007ff84daab000 	C:\WINDOWS\System32\ucrtbase.dll
0x00007ff835f20000 - 0x00007ff835f37000 	C:\Users\jgen0\.jdks\corretto-17.0.14\bin\jli.dll
0x00007ff835ea0000 - 0x00007ff835ebb000 	C:\Users\jgen0\.jdks\corretto-17.0.14\bin\VCRUNTIME140.dll
0x00007ff84e720000 - 0x00007ff84e8ec000 	C:\WINDOWS\System32\USER32.dll
0x00007ff84e550000 - 0x00007ff84e577000 	C:\WINDOWS\System32\win32u.dll
0x00007ff83cb20000 - 0x00007ff83cdb7000 	C:\WINDOWS\WinSxS\amd64_microsoft.windows.common-controls_6595b64144ccf1df_6.0.26100.3624_none_3e086962e3345f24\COMCTL32.dll
0x00007ff84f110000 - 0x00007ff84f1b9000 	C:\WINDOWS\System32\msvcrt.dll
0x00007ff84f0e0000 - 0x00007ff84f10a000 	C:\WINDOWS\System32\GDI32.dll
0x00007ff84dda0000 - 0x00007ff84ded1000 	C:\WINDOWS\System32\gdi32full.dll
0x00007ff84dee0000 - 0x00007ff84df83000 	C:\WINDOWS\System32\msvcp_win.dll
0x00007ff84f9f0000 - 0x00007ff84fa1f000 	C:\WINDOWS\System32\IMM32.DLL
0x00007ff835f10000 - 0x00007ff835f1c000 	C:\Users\jgen0\.jdks\corretto-17.0.14\bin\vcruntime140_1.dll
0x00007ff815ba0000 - 0x00007ff815c2d000 	C:\Users\jgen0\.jdks\corretto-17.0.14\bin\msvcp140.dll
0x00007fffe0cc0000 - 0x00007fffe192c000 	C:\Users\jgen0\.jdks\corretto-17.0.14\bin\server\jvm.dll
0x00007ff84e660000 - 0x00007ff84e712000 	C:\WINDOWS\System32\ADVAPI32.dll
0x00007ff8505e0000 - 0x00007ff850686000 	C:\WINDOWS\System32\sechost.dll
0x00007ff84ea80000 - 0x00007ff84eb96000 	C:\WINDOWS\System32\RPCRT4.dll
0x00007ff84e8f0000 - 0x00007ff84e964000 	C:\WINDOWS\System32\WS2_32.dll
0x00007ff83d5c0000 - 0x00007ff83d5cb000 	C:\WINDOWS\SYSTEM32\VERSION.dll
0x00007ff84d7b0000 - 0x00007ff84d80e000 	C:\WINDOWS\SYSTEM32\POWRPROF.dll
0x00007ff83cdc0000 - 0x00007ff83cdf6000 	C:\WINDOWS\SYSTEM32\WINMM.dll
0x00007ff84d790000 - 0x00007ff84d7a4000 	C:\WINDOWS\SYSTEM32\UMPDC.dll
0x00007ff84c770000 - 0x00007ff84c78a000 	C:\WINDOWS\SYSTEM32\kernel.appcore.dll
0x00007ff835d40000 - 0x00007ff835d4a000 	C:\Users\jgen0\.jdks\corretto-17.0.14\bin\jimage.dll
0x00007ff84b3a0000 - 0x00007ff84b5e1000 	C:\WINDOWS\SYSTEM32\DBGHELP.DLL
0x00007ff84eca0000 - 0x00007ff84f022000 	C:\WINDOWS\System32\combase.dll
0x00007ff84e580000 - 0x00007ff84e656000 	C:\WINDOWS\System32\OLEAUT32.dll
0x00007ff838a90000 - 0x00007ff838ac9000 	C:\WINDOWS\SYSTEM32\dbgcore.DLL
0x00007ff84e3f0000 - 0x00007ff84e489000 	C:\WINDOWS\System32\bcryptPrimitives.dll
0x00007ff835b60000 - 0x00007ff835b6e000 	C:\Users\jgen0\.jdks\corretto-17.0.14\bin\instrument.dll
0x00007ff8350c0000 - 0x00007ff8350e5000 	C:\Users\jgen0\.jdks\corretto-17.0.14\bin\java.dll
0x00007ff801060000 - 0x00007ff801137000 	C:\Users\jgen0\.jdks\corretto-17.0.14\bin\jsvml.dll
0x00007ff84f2b0000 - 0x00007ff84f9d9000 	C:\WINDOWS\System32\SHELL32.dll
0x00007ff84dc30000 - 0x00007ff84dd98000 	C:\WINDOWS\System32\wintypes.dll
0x00007ff84b620000 - 0x00007ff84be72000 	C:\WINDOWS\SYSTEM32\windows.storage.dll
0x00007ff84f1c0000 - 0x00007ff84f2ad000 	C:\WINDOWS\System32\SHCORE.dll
0x00007ff84e970000 - 0x00007ff84e9d4000 	C:\WINDOWS\System32\shlwapi.dll
0x00007ff84d870000 - 0x00007ff84d89f000 	C:\WINDOWS\SYSTEM32\profapi.dll
0x00007ff835120000 - 0x00007ff835138000 	C:\Users\jgen0\.jdks\corretto-17.0.14\bin\zip.dll
0x00007ff82ee90000 - 0x00007ff82eea9000 	C:\Users\jgen0\.jdks\corretto-17.0.14\bin\net.dll
0x00007ff846580000 - 0x00007ff84669d000 	C:\WINDOWS\SYSTEM32\WINHTTP.dll
0x00007ff84cc90000 - 0x00007ff84ccfa000 	C:\WINDOWS\system32\mswsock.dll
0x00007ff81d9c0000 - 0x00007ff81d9d6000 	C:\Users\jgen0\.jdks\corretto-17.0.14\bin\nio.dll
0x00007ff81d9a0000 - 0x00007ff81d9ba000 	C:\Users\jgen0\AppData\Local\JetBrains\IntelliJ IDEA 2023.2.2\bin\breakgen64.dll
0x00007ff835b10000 - 0x00007ff835b19000 	C:\Users\jgen0\.jdks\corretto-17.0.14\bin\extnet.dll
0x00007ff84c290000 - 0x00007ff84c3b5000 	C:\WINDOWS\SYSTEM32\DNSAPI.dll
0x00007ff84c1a0000 - 0x00007ff84c1d3000 	C:\WINDOWS\SYSTEM32\IPHLPAPI.DLL
0x00007ff84f9e0000 - 0x00007ff84f9ea000 	C:\WINDOWS\System32\NSI.dll
0x00007ff8460a0000 - 0x00007ff8460ab000 	C:\Windows\System32\rasadhlp.dll
0x00007ff846bb0000 - 0x00007ff846c35000 	C:\WINDOWS\System32\fwpuclnt.dll
0x00007ff835550000 - 0x00007ff835559000 	C:\Users\jgen0\.jdks\corretto-17.0.14\bin\management.dll
0x00007ff835520000 - 0x00007ff83552b000 	C:\Users\jgen0\.jdks\corretto-17.0.14\bin\management_ext.dll
0x00007ff8505b0000 - 0x00007ff8505b8000 	C:\WINDOWS\System32\PSAPI.DLL
0x00007ff84cf30000 - 0x00007ff84cf4c000 	C:\WINDOWS\SYSTEM32\CRYPTSP.dll
0x00007ff84c6d0000 - 0x00007ff84c70a000 	C:\WINDOWS\system32\rsaenh.dll
0x00007ff84cd30000 - 0x00007ff84cd5b000 	C:\WINDOWS\SYSTEM32\USERENV.dll
0x00007ff84d840000 - 0x00007ff84d866000 	C:\WINDOWS\SYSTEM32\bcrypt.dll
0x00007ff84cf50000 - 0x00007ff84cf5c000 	C:\WINDOWS\SYSTEM32\CRYPTBASE.dll
0x00007ff846830000 - 0x00007ff84684f000 	C:\WINDOWS\SYSTEM32\dhcpcsvc6.DLL
0x00007ff846800000 - 0x00007ff846825000 	C:\WINDOWS\SYSTEM32\dhcpcsvc.DLL
0x00007ff836f20000 - 0x00007ff836f38000 	C:\WINDOWS\system32\napinsp.dll
0x00007ff836d70000 - 0x00007ff836d82000 	C:\WINDOWS\System32\winrnr.dll
0x00007ff836d30000 - 0x00007ff836d60000 	C:\WINDOWS\system32\nlansp_c.dll
0x00007ff844c50000 - 0x00007ff844c66000 	C:\WINDOWS\system32\wshbth.dll
0x00007ff8353c0000 - 0x00007ff8353d0000 	C:\Users\jgen0\.jdks\corretto-17.0.14\bin\verify.dll
0x00007ff834d60000 - 0x00007ff834d6e000 	C:\Users\jgen0\.jdks\corretto-17.0.14\bin\sunmscapi.dll
0x00007ff84dab0000 - 0x00007ff84dc27000 	C:\WINDOWS\System32\CRYPT32.dll
0x00007ff84d130000 - 0x00007ff84d160000 	C:\WINDOWS\SYSTEM32\ncrypt.dll
0x00007ff84d0e0000 - 0x00007ff84d11f000 	C:\WINDOWS\SYSTEM32\NTASN1.dll
0x00007ff832140000 - 0x00007ff832148000 	C:\WINDOWS\system32\wshunix.dll

dbghelp: loaded successfully - version: 4.0.5 - missing functions: none
symbol engine: initialized successfully - sym options: 0x614 - pdb path: .;C:\Users\jgen0\.jdks\corretto-17.0.14\bin;C:\WINDOWS\SYSTEM32;C:\WINDOWS\WinSxS\amd64_microsoft.windows.common-controls_6595b64144ccf1df_6.0.26100.3624_none_3e086962e3345f24;C:\Users\jgen0\.jdks\corretto-17.0.14\bin\server;C:\Users\jgen0\AppData\Local\JetBrains\IntelliJ IDEA 2023.2.2\bin

VM Arguments:
jvm_args: -XX:TieredStopAtLevel=1 -Dspring.profiles.active=local -Dspring.output.ansi.enabled=always -Dcom.sun.management.jmxremote -Dspring.jmx.enabled=true -Dspring.liveBeansView.mbeanDomain -Dspring.application.admin.enabled=true -Dmanagement.endpoints.jmx.exposure.include=* -javaagent:C:\Users\jgen0\AppData\Local\JetBrains\IntelliJ IDEA 2023.2.2\lib\idea_rt.jar=49970:C:\Users\jgen0\AppData\Local\JetBrains\IntelliJ IDEA 2023.2.2\bin -Dfile.encoding=UTF-8 
java_command: kr.kickon.api.ApiApplication
java_class_path (initial): E:\kick-on\kickon-server-springboot\build\classes\java\main;E:\kick-on\kickon-server-springboot\build\resources\main;C:\Users\jgen0\.gradle\caches\modules-2\files-2.1\org.projectlombok\lombok\1.18.36\5a30490a6e14977d97d9c73c924c1f1b5311ea95\lombok-1.18.36.jar;C:\Users\jgen0\.gradle\caches\modules-2\files-2.1\org.springframework.boot\spring-boot-configuration-processor\3.4.2\4f9e3e0c959aaf5fb24fd885f9ce201d8643f0dc\spring-boot-configuration-processor-3.4.2.jar;C:\Users\jgen0\.gradle\caches\modules-2\files-2.1\org.springframework.boot\spring-boot-starter-data-jpa\3.4.2\b65a304b493807dff48bf114135dc4aa5f267927\spring-boot-starter-data-jpa-3.4.2.jar;C:\Users\jgen0\.gradle\caches\modules-2\files-2.1\org.springframework.boot\spring-boot-starter-web\3.4.2\cf1c8efe77dccf221acf5f0ce9cc24c718c0ca44\spring-boot-starter-web-3.4.2.jar;C:\Users\jgen0\.gradle\caches\modules-2\files-2.1\org.springframework.boot\spring-boot-starter-validation\3.4.2\3195ea4da38b902a09bf192361800d4e43940465\spring-boot-starter-validation-3.4.2.jar;C:\Users\jgen0\.gradle\caches\modules-2\files-2.1\org.springframework.boot\spring-boot-starter-aop\3.4.2\f93ec4dada668dcf27477427cd27af39152a0c9a\spring-boot-starter-aop-3.4.2.jar;C:\Users\jgen0\.gradle\caches\modules-2\files-2.1\org.springframework.boot\spring-boot-starter-webflux\3.4.2\3a7046c7291789ff33f724dd58d1ca6a23529ed\spring-boot-starter-webflux-3.4.2.jar;C:\Users\jgen0\.gradle\caches\modules-2\files-2.1\org.springframework.boot\spring-boot-starter-security\3.4.2\b3102ed745b5e71f61bb5174c6a12275f0154dbb\spring-boot-starter-security-3.4.2.jar;C:\Users\jgen0\.gradle\caches\modules-2\files-2.1\org.springframework.boot\spring-boot-starter-oauth2-client\3.4.2\b93bf35cf23dd6abb4a1ac6151d757aed9c3bcfc\spring-boot-starter-oauth2-client-3.4.2.jar;C:\Users\jgen0\.gradle\caches\modules-2\files-2.1\org.springframework.boot\spring-boot-starter-data-redis\3.4.2\ad0741d5a86b08ce449b4adb37e2287722d990a7\spring-boot-starter-data-redis-3.
Launcher Type: SUN_STANDARD

[Global flags]
     intx CICompilerCount                          = 12                                        {product} {ergonomic}
     uint ConcGCThreads                            = 3                                         {product} {ergonomic}
     uint G1ConcRefinementThreads                  = 13                                        {product} {ergonomic}
   size_t G1HeapRegionSize                         = 1048576                                   {product} {ergonomic}
    uintx GCDrainStackTargetSize                   = 64                                        {product} {ergonomic}
   size_t InitialHeapSize                          = 130023424                                 {product} {ergonomic}
     bool ManagementServer                         = true                                      {product} {command line}
   size_t MarkStackSize                            = 4194304                                   {product} {ergonomic}
   size_t MaxHeapSize                              = 2074083328                                {product} {ergonomic}
   size_t MaxNewSize                               = 1243611136                                {product} {ergonomic}
   size_t MinHeapDeltaBytes                        = 1048576                                   {product} {ergonomic}
   size_t MinHeapSize                              = 8388608                                   {product} {ergonomic}
    uintx NonProfiledCodeHeapSize                  = 0                                      {pd product} {ergonomic}
     bool ProfileInterpreter                       = false                                  {pd product} {command line}
    uintx ProfiledCodeHeapSize                     = 0                                      {pd product} {ergonomic}
   size_t SoftMaxHeapSize                          = 2074083328                             {manageable} {ergonomic}
     intx TieredStopAtLevel                        = 1                                         {product} {command line}
     bool UseCompressedClassPointers               = true                           {product lp64_product} {ergonomic}
     bool UseCompressedOops                        = true                           {product lp64_product} {ergonomic}
     bool UseG1GC                                  = true                                      {product} {ergonomic}
     bool UseLargePagesIndividualAllocation        = false                                  {pd product} {ergonomic}

Logging:
Log output configuration:
 #0: stdout all=warning uptime,level,tags
 #1: stderr all=off uptime,level,tags

Environment Variables:
PATH=C:\Python312\Scripts\;C:\Python312\;C:\Program Files\Common Files\Oracle\Java\javapath;C:\WINDOWS\system32;C:\WINDOWS;C:\WINDOWS\System32\Wbem;C:\WINDOWS\System32\WindowsPowerShell\v1.0\;C:\WINDOWS\System32\OpenSSH\;C:\Program Files\Git\cmd;C:\ProgramData\chocolatey\bin;C:\Program Files\PuTTY\;E:\;E:\nodejs;C:\Program Files\dotnet\;C:\Program Files\MySQL\MySQL Shell 8.0\bin\;C:\Users\jgen0\AppData\Local\Microsoft\WindowsApps;C:\ProgramData\jgen0\GitHubDesktop\bin;C:\Users\jgen0\AppData\Local\GitHubDesktop\bin;C:\Users\jgen0\AppData\Local\Programs\Microsoft VS Code\bin;C:\Users\jgen0\AppData\Local\afreeca;E:\flutter\bin;C:\Users\jgen0\AppData\Local\Microsoft\WinGet\Packages\Schniz.fnm_Microsoft.Winget.Source_8wekyb3d8bbwe;C:\Users\jgen0\AppData\Roaming\npm;;C:\Program Files (x86)\ESTsoft\ALSee\x64
USERNAME=jgen0
OS=Windows_NT
PROCESSOR_IDENTIFIER=Intel64 Family 6 Model 154 Stepping 3, GenuineIntel
TMP=C:\Users\jgen0\AppData\Local\Temp
TEMP=C:\Users\jgen0\AppData\Local\Temp



Periodic native trim disabled


---------------  S Y S T E M  ---------------

OS:
 Windows 11 , 64 bit Build 26100 (10.0.26100.3775)
OS uptime: 15 days 8:50 hours

CPU: total 16 (initial active 16) (16 cores per cpu, 1 threads per core) family 6 model 154 stepping 3 microcode 0x41e, cx8, cmov, fxsr, mmx, 3dnowpref, sse, sse2, sse3, ssse3, sse4.1, sse4.2, popcnt, lzcnt, tsc, tscinvbit, avx, avx2, aes, erms, clmul, bmi1, bmi2, adx, sha, fma, vzeroupper, clflush, clflushopt, clwb
Processor Information for processor 0
  Max Mhz: 1700, Current Mhz: 1700, Mhz Limit: 1700
Processor Information for processor 1
  Max Mhz: 1700, Current Mhz: 1700, Mhz Limit: 1700
Processor Information for processor 2
  Max Mhz: 1700, Current Mhz: 1700, Mhz Limit: 1700
Processor Information for processor 3
  Max Mhz: 1700, Current Mhz: 1700, Mhz Limit: 1700
Processor Information for processor 4
  Max Mhz: 1700, Current Mhz: 1700, Mhz Limit: 1700
Processor Information for processor 5
  Max Mhz: 1700, Current Mhz: 1700, Mhz Limit: 1700
Processor Information for processor 6
  Max Mhz: 1700, Current Mhz: 1700, Mhz Limit: 1700
Processor Information for processor 7
  Max Mhz: 1700, Current Mhz: 1700, Mhz Limit: 1700
Processor Information for processor 8
  Max Mhz: 1700, Current Mhz: 1200, Mhz Limit: 1190
Processor Information for processor 9
  Max Mhz: 1700, Current Mhz: 1200, Mhz Limit: 1190
Processor Information for processor 10
  Max Mhz: 1700, Current Mhz: 1200, Mhz Limit: 1190
Processor Information for processor 11
  Max Mhz: 1700, Current Mhz: 1200, Mhz Limit: 1190
Processor Information for processor 12
  Max Mhz: 1700, Current Mhz: 1200, Mhz Limit: 1190
Processor Information for processor 13
  Max Mhz: 1700, Current Mhz: 1200, Mhz Limit: 1190
Processor Information for processor 14
  Max Mhz: 1700, Current Mhz: 1200, Mhz Limit: 1190
Processor Information for processor 15
  Max Mhz: 1700, Current Mhz: 1200, Mhz Limit: 1190

Memory: 4k page, system-wide physical 7908M (658M free)
TotalPageFile size 32484M (AvailPageFile size 51M)
current process WorkingSet (physical memory assigned to process): 320M, peak: 320M
current process commit charge ("private bytes"): 401M, peak: 523M

vm_info: OpenJDK 64-Bit Server VM (17.0.14+7-LTS) for windows-amd64 JRE (17.0.14+7-LTS), built on Jan  7 2025 20:14:24 by "Administrator" with MS VC++ 16.10 / 16.11 (VS2019)

END.
