#
# There is insufficient memory for the Java Runtime Environment to continue.
# Native memory allocation (mmap) failed to map 134217728 bytes for G1 virtual space
# Possible reasons:
#   The system is out of physical RAM or swap space
#   The process is running with CompressedOops enabled, and the Java Heap may be blocking the growth of the native heap
# Possible solutions:
#   Reduce memory load on the system
#   Increase physical memory or swap space
#   Check if swap backing store is full
#   Decrease Java heap size (-Xmx/-Xms)
#   Decrease number of Java threads
#   Decrease Java thread stack sizes (-Xss)
#   Set larger code cache with -XX:ReservedCodeCacheSize=
#   JVM is running with Unscaled Compressed Oops mode in which the Java heap is
#     placed in the first 4GB address space. The Java Heap base address is the
#     maximum limit for the native heap growth. Please use -XX:HeapBaseMinAddress
#     to set the Java Heap base and to place the Java Heap above 4GB virtual address.
# This output file may be truncated or incomplete.
#
#  Out of Memory Error (os_windows.cpp:3829), pid=18192, tid=20220
#
# JRE version:  (17.0.8+7) (build )
# Java VM: OpenJDK 64-Bit Server VM (17.0.8+7-b1000.22, mixed mode, sharing, tiered, compressed oops, compressed class ptrs, g1 gc, windows-amd64)
# No core dump will be written. Minidumps are not enabled by default on client versions of Windows
#

---------------  S U M M A R Y ------------

Command Line: -Djava.rmi.server.hostname=127.0.0.1 -Duser.timezone=UTC -Xmx2048m -Xms128m -Djna.boot.library.path=C:\Users\jgen0\AppData\Local\JetBrains\IntelliJ IDEA 2023.2.2/lib/jna/amd64 -Djna.nosys=true -Djna.noclasspath=true -Djdbc.classpath=C:\Users\jgen0\AppData\Local\JetBrains\IntelliJ IDEA 2023.2.2\plugins\DatabaseTools\lib\jdbc-console.jar;C:\Users\jgen0\AppData\Roaming\JetBrains\IntelliJIdea2023.2\jdbc-drivers\MySQL ConnectorJ\8.2.0\com\mysql\mysql-connector-j\8.2.0\mysql-connector-j-8.2.0.jar;C:\Users\jgen0\AppData\Roaming\JetBrains\IntelliJIdea2023.2\jdbc-drivers\MySQL ConnectorJ\8.2.0\com\google\protobuf\protobuf-java\3.21.9\protobuf-java-3.21.9.jar --add-exports=java.desktop/sun.awt=ALL-UNNAMED --add-exports=java.desktop/java.awt.peer=ALL-UNNAMED --add-opens=java.desktop/java.awt=ALL-UNNAMED --add-opens=jdk.unsupported/sun.misc=ALL-UNNAMED --add-opens=java.base/java.nio=ALL-UNNAMED --add-opens=java.base/java.util=ALL-UNNAMED -Dfile.encoding=UTF-8 com.intellij.database.remote.RemoteJdbcServer com.mysql.cj.jdbc.Driver

Host: 12th Gen Intel(R) Core(TM) i5-1240P, 16 cores, 7G,  Windows 11 , 64 bit Build 26100 (10.0.26100.3912)
Time: Fri May 23 17:13:27 2025  Windows 11 , 64 bit Build 26100 (10.0.26100.3912) elapsed time: 2.040508 seconds (0d 0h 0m 2s)

---------------  T H R E A D  ---------------

Current thread (0x0000021f0b66c750):  JavaThread "Unknown thread" [_thread_in_vm, id=20220, stack(0x000000bd72200000,0x000000bd72300000)]

Stack: [0x000000bd72200000,0x000000bd72300000]
Native frames: (J=compiled Java code, j=interpreted, Vv=VM code, C=native code)
V  [jvm.dll+0x6852da]
V  [jvm.dll+0x844c84]
V  [jvm.dll+0x84659e]
V  [jvm.dll+0x846c03]
V  [jvm.dll+0x24b7cf]
V  [jvm.dll+0x682049]
V  [jvm.dll+0x67671a]
V  [jvm.dll+0x30be2b]
V  [jvm.dll+0x3132d6]
V  [jvm.dll+0x36302e]
V  [jvm.dll+0x36325f]
V  [jvm.dll+0x2e1f48]
V  [jvm.dll+0x2e2eb4]
V  [jvm.dll+0x815c11]
V  [jvm.dll+0x370df1]
V  [jvm.dll+0x7f4fdc]
V  [jvm.dll+0x3f3f1f]
V  [jvm.dll+0x3f5b31]
C  [jli.dll+0x528f]
C  [ucrtbase.dll+0x37b0]
C  [KERNEL32.DLL+0x2e8d7]
C  [ntdll.dll+0x9c5dc]


---------------  P R O C E S S  ---------------

Threads class SMR info:
_java_thread_list=0x00007ffb1f760098, length=0, elements={
}

Java Threads: ( => current thread )

Other Threads:
  0x0000021f0b6c9680 GCTaskThread "GC Thread#0" [stack: 0x000000bd72300000,0x000000bd72400000] [id=30640]
  0x0000021f0b6da640 ConcurrentGCThread "G1 Main Marker" [stack: 0x000000bd72400000,0x000000bd72500000] [id=22856]
  0x0000021f0b6dbad0 ConcurrentGCThread "G1 Conc#0" [stack: 0x000000bd72500000,0x000000bd72600000] [id=27744]

[error occurred during error reporting (printing all threads), id 0xc0000005, EXCEPTION_ACCESS_VIOLATION (0xc0000005) at pc=0x00007ffb1ef12ab7]

VM state: not at safepoint (not fully initialized)

VM Mutex/Monitor currently owned by a thread:  ([mutex/lock_event])
[0x0000021f0b6675d0] Heap_lock - owner thread: 0x0000021f0b66c750

Heap address: 0x0000000080000000, size: 2048 MB, Compressed Oops mode: 32-bit

CDS archive(s) mapped at: [0x0000000000000000-0x0000000000000000-0x0000000000000000), size 0, SharedBaseAddress: 0x0000000800000000, ArchiveRelocationMode: 1.
Narrow klass base: 0x0000000000000000, Narrow klass shift: 0, Narrow klass range: 0x0

GC Precious Log:
<Empty>

Heap:
 garbage-first heap   total 0K, used 0K [0x0000000080000000, 0x0000000100000000)
  region size 1024K, 0 young (0K), 0 survivors (0K)
 Metaspace       used 0K, committed 0K, reserved 0K
  class space    used 0K, committed 0K, reserved 0K

Heap Regions: E=young(eden), S=young(survivor), O=old, HS=humongous(starts), HC=humongous(continues), CS=collection set, F=free, OA=open archive, CA=closed archive, TAMS=top-at-mark-start (previous, next)

Card table byte_map: [0x0000021f1ea50000,0x0000021f1ee50000] _byte_map_base: 0x0000021f1e650000

Marking Bits (Prev, Next): (CMBitMap*) 0x0000021f0b6c9bb0, (CMBitMap*) 0x0000021f0b6c9bf0
 Prev Bits: [0x0000021f1f250000, 0x0000021f21250000)
 Next Bits: [0x0000021f21250000, 0x0000021f23250000)

GC Heap History (0 events):
No events

Dll operation events (1 events):
Event: 0.016 Loaded shared library C:\Users\jgen0\AppData\Local\JetBrains\IntelliJ IDEA 2023.2.2\jbr\bin\java.dll

Deoptimization events (0 events):
No events

Classes unloaded (0 events):
No events

Classes redefined (0 events):
No events

Internal exceptions (0 events):
No events

VM Operations (0 events):
No events

Events (0 events):
No events


Dynamic libraries:
0x00007ff68d730000 - 0x00007ff68d73a000 	C:\Users\jgen0\AppData\Local\JetBrains\IntelliJ IDEA 2023.2.2\jbr\bin\java.exe
0x00007ffb99740000 - 0x00007ffb999a6000 	C:\WINDOWS\SYSTEM32\ntdll.dll
0x00007ffb975e0000 - 0x00007ffb976a9000 	C:\WINDOWS\System32\KERNEL32.DLL
0x00007ffb96a20000 - 0x00007ffb96dec000 	C:\WINDOWS\System32\KERNELBASE.dll
0x00007ffb968d0000 - 0x00007ffb96a1b000 	C:\WINDOWS\System32\ucrtbase.dll
0x00007ffb92850000 - 0x00007ffb92867000 	C:\Users\jgen0\AppData\Local\JetBrains\IntelliJ IDEA 2023.2.2\jbr\bin\jli.dll
0x00007ffb97b40000 - 0x00007ffb97d0a000 	C:\WINDOWS\System32\USER32.dll
0x00007ffb97390000 - 0x00007ffb973b7000 	C:\WINDOWS\System32\win32u.dll
0x00007ffb975b0000 - 0x00007ffb975db000 	C:\WINDOWS\System32\GDI32.dll
0x00007ffb91da0000 - 0x00007ffb91dbb000 	C:\Users\jgen0\AppData\Local\JetBrains\IntelliJ IDEA 2023.2.2\jbr\bin\VCRUNTIME140.dll
0x00007ffb973c0000 - 0x00007ffb974f2000 	C:\WINDOWS\System32\gdi32full.dll
0x00007ffb852c0000 - 0x00007ffb8555a000 	C:\WINDOWS\WinSxS\amd64_microsoft.windows.common-controls_6595b64144ccf1df_6.0.26100.3912_none_3e07963ce335137e\COMCTL32.dll
0x00007ffb96f70000 - 0x00007ffb97013000 	C:\WINDOWS\System32\msvcp_win.dll
0x00007ffb97500000 - 0x00007ffb975a9000 	C:\WINDOWS\System32\msvcrt.dll
0x00007ffb977e0000 - 0x00007ffb97810000 	C:\WINDOWS\System32\IMM32.DLL
0x00007ffb91d90000 - 0x00007ffb91d9c000 	C:\Users\jgen0\AppData\Local\JetBrains\IntelliJ IDEA 2023.2.2\jbr\bin\vcruntime140_1.dll
0x00007ffb85e50000 - 0x00007ffb85edd000 	C:\Users\jgen0\AppData\Local\JetBrains\IntelliJ IDEA 2023.2.2\jbr\bin\msvcp140.dll
0x00007ffb1ec20000 - 0x00007ffb1f8a3000 	C:\Users\jgen0\AppData\Local\JetBrains\IntelliJ IDEA 2023.2.2\jbr\bin\server\jvm.dll
0x00007ffb98820000 - 0x00007ffb988d2000 	C:\WINDOWS\System32\ADVAPI32.dll
0x00007ffb979a0000 - 0x00007ffb97a46000 	C:\WINDOWS\System32\sechost.dll
0x00007ffb98520000 - 0x00007ffb98636000 	C:\WINDOWS\System32\RPCRT4.dll
0x00007ffb88a20000 - 0x00007ffb88a2a000 	C:\WINDOWS\SYSTEM32\WSOCK32.dll
0x00007ffb99670000 - 0x00007ffb996e4000 	C:\WINDOWS\System32\WS2_32.dll
0x00007ffb96710000 - 0x00007ffb9676e000 	C:\WINDOWS\SYSTEM32\POWRPROF.dll
0x00007ffb85d90000 - 0x00007ffb85d9b000 	C:\WINDOWS\SYSTEM32\VERSION.dll
0x00007ffb85d30000 - 0x00007ffb85d66000 	C:\WINDOWS\SYSTEM32\WINMM.dll
0x00007ffb966f0000 - 0x00007ffb96704000 	C:\WINDOWS\SYSTEM32\UMPDC.dll
0x00007ffb95690000 - 0x00007ffb956aa000 	C:\WINDOWS\SYSTEM32\kernel.appcore.dll
0x00007ffb935d0000 - 0x00007ffb935da000 	C:\Users\jgen0\AppData\Local\JetBrains\IntelliJ IDEA 2023.2.2\jbr\bin\jimage.dll
0x00007ffb94150000 - 0x00007ffb94391000 	C:\WINDOWS\SYSTEM32\DBGHELP.DLL
0x00007ffb97d10000 - 0x00007ffb98094000 	C:\WINDOWS\System32\combase.dll
0x00007ffb97a50000 - 0x00007ffb97b30000 	C:\WINDOWS\System32\OLEAUT32.dll
0x00007ffb83f10000 - 0x00007ffb83f49000 	C:\WINDOWS\SYSTEM32\dbgcore.DLL
0x00007ffb972f0000 - 0x00007ffb97389000 	C:\WINDOWS\System32\bcryptPrimitives.dll
0x00007ffb93470000 - 0x00007ffb93495000 	C:\Users\jgen0\AppData\Local\JetBrains\IntelliJ IDEA 2023.2.2\jbr\bin\java.dll

dbghelp: loaded successfully - version: 4.0.5 - missing functions: none
symbol engine: initialized successfully - sym options: 0x614 - pdb path: .;C:\Users\jgen0\AppData\Local\JetBrains\IntelliJ IDEA 2023.2.2\jbr\bin;C:\WINDOWS\SYSTEM32;C:\WINDOWS\WinSxS\amd64_microsoft.windows.common-controls_6595b64144ccf1df_6.0.26100.3912_none_3e07963ce335137e;C:\Users\jgen0\AppData\Local\JetBrains\IntelliJ IDEA 2023.2.2\jbr\bin\server

VM Arguments:
jvm_args: -Djava.rmi.server.hostname=127.0.0.1 -Duser.timezone=UTC -Xmx2048m -Xms128m -Djna.boot.library.path=C:\Users\jgen0\AppData\Local\JetBrains\IntelliJ IDEA 2023.2.2/lib/jna/amd64 -Djna.nosys=true -Djna.noclasspath=true -Djdbc.classpath=C:\Users\jgen0\AppData\Local\JetBrains\IntelliJ IDEA 2023.2.2\plugins\DatabaseTools\lib\jdbc-console.jar;C:\Users\jgen0\AppData\Roaming\JetBrains\IntelliJIdea2023.2\jdbc-drivers\MySQL ConnectorJ\8.2.0\com\mysql\mysql-connector-j\8.2.0\mysql-connector-j-8.2.0.jar;C:\Users\jgen0\AppData\Roaming\JetBrains\IntelliJIdea2023.2\jdbc-drivers\MySQL ConnectorJ\8.2.0\com\google\protobuf\protobuf-java\3.21.9\protobuf-java-3.21.9.jar --add-exports=java.desktop/sun.awt=ALL-UNNAMED --add-exports=java.desktop/java.awt.peer=ALL-UNNAMED --add-opens=java.desktop/java.awt=ALL-UNNAMED --add-opens=jdk.unsupported/sun.misc=ALL-UNNAMED --add-opens=java.base/java.nio=ALL-UNNAMED --add-opens=java.base/java.util=ALL-UNNAMED -Dfile.encoding=UTF-8 
java_command: com.intellij.database.remote.RemoteJdbcServer com.mysql.cj.jdbc.Driver
java_class_path (initial): C:\Users\jgen0\AppData\Local\JetBrains\IntelliJ IDEA 2023.2.2\lib\util_rt.jar;C:\Users\jgen0\AppData\Local\JetBrains\IntelliJ IDEA 2023.2.2\lib\util-8.jar;C:\Users\jgen0\AppData\Local\JetBrains\IntelliJ IDEA 2023.2.2\lib\groovy.jar;C:\Users\jgen0\AppData\Local\JetBrains\IntelliJ IDEA 2023.2.2\plugins\DatabaseTools\lib\jdbc-console.jar;C:\Users\jgen0\AppData\Local\JetBrains\IntelliJ IDEA 2023.2.2\plugins\grid-core-impl\lib\jdbc-console-types.jar;C:\Users\jgen0\AppData\Local\JetBrains\IntelliJ IDEA 2023.2.2\lib\util.jar;C:\Users\jgen0\AppData\Local\JetBrains\IntelliJ IDEA 2023.2.2\lib\bouncy-castle.jar
Launcher Type: SUN_STANDARD

[Global flags]
     intx CICompilerCount                          = 12                                        {product} {ergonomic}
     uint ConcGCThreads                            = 3                                         {product} {ergonomic}
     uint G1ConcRefinementThreads                  = 13                                        {product} {ergonomic}
   size_t G1HeapRegionSize                         = 1048576                                   {product} {ergonomic}
    uintx GCDrainStackTargetSize                   = 64                                        {product} {ergonomic}
   size_t InitialHeapSize                          = 134217728                                 {product} {command line}
   size_t MarkStackSize                            = 4194304                                   {product} {ergonomic}
   size_t MaxHeapSize                              = 2147483648                                {product} {command line}
   size_t MinHeapDeltaBytes                        = 1048576                                   {product} {ergonomic}
   size_t MinHeapSize                              = 134217728                                 {product} {command line}
    uintx NonNMethodCodeHeapSize                   = 7602480                                {pd product} {ergonomic}
    uintx NonProfiledCodeHeapSize                  = 122027880                              {pd product} {ergonomic}
    uintx ProfiledCodeHeapSize                     = 122027880                              {pd product} {ergonomic}
    uintx ReservedCodeCacheSize                    = 251658240                              {pd product} {ergonomic}
     bool SegmentedCodeCache                       = true                                      {product} {ergonomic}
   size_t SoftMaxHeapSize                          = 2147483648                             {manageable} {ergonomic}
     bool UseCompressedClassPointers               = true                           {product lp64_product} {ergonomic}
     bool UseCompressedOops                        = true                           {product lp64_product} {ergonomic}
     bool UseG1GC                                  = true                                      {product} {ergonomic}
     bool UseLargePagesIndividualAllocation        = false                                  {pd product} {ergonomic}

Logging:
Log output configuration:
 #0: stdout all=warning uptime,level,tags
 #1: stderr all=off uptime,level,tags

Environment Variables:
PATH=C:\Python312\Scripts\;C:\Python312\;C:\Program Files\Common Files\Oracle\Java\javapath;C:\WINDOWS\system32;C:\WINDOWS;C:\WINDOWS\System32\Wbem;C:\WINDOWS\System32\WindowsPowerShell\v1.0\;C:\WINDOWS\System32\OpenSSH\;C:\Program Files\Git\cmd;C:\ProgramData\chocolatey\bin;C:\Program Files\PuTTY\;E:\;E:\nodejs;C:\Program Files\dotnet\;C:\Program Files\MySQL\MySQL Shell 8.0\bin\;C:\Users\jgen0\AppData\Local\Microsoft\WindowsApps;C:\ProgramData\jgen0\GitHubDesktop\bin;C:\Users\jgen0\AppData\Local\GitHubDesktop\bin;C:\Users\jgen0\AppData\Local\Programs\Microsoft VS Code\bin;C:\Users\jgen0\AppData\Local\afreeca;E:\flutter\bin;C:\Users\jgen0\AppData\Local\Microsoft\WinGet\Packages\Schniz.fnm_Microsoft.Winget.Source_8wekyb3d8bbwe;C:\Users\jgen0\AppData\Roaming\npm;C:\Users\jgen0\AppData\Local\Muse Hub\lib;C:\Program Files (x86)\ESTsoft\ALSee\x64
USERNAME=jgen0
OS=Windows_NT
PROCESSOR_IDENTIFIER=Intel64 Family 6 Model 154 Stepping 3, GenuineIntel
TMP=C:\Users\jgen0\AppData\Local\Temp
TEMP=C:\Users\jgen0\AppData\Local\Temp


JNI global refs:
JNI global refs: 0, weak refs: 0

JNI global refs memory usage: 0, weak refs: 0

OOME stack traces (most recent first):
Classloader memory used:


---------------  S Y S T E M  ---------------

OS:
 Windows 11 , 64 bit Build 26100 (10.0.26100.3912)
OS uptime: 5 days 13:20 hours

CPU: total 16 (initial active 16) (8 cores per cpu, 2 threads per core) family 6 model 154 stepping 3 microcode 0x41e, cx8, cmov, fxsr, ht, mmx, 3dnowpref, sse, sse2, sse3, ssse3, sse4.1, sse4.2, popcnt, lzcnt, tsc, tscinvbit, avx, avx2, aes, erms, clmul, bmi1, bmi2, adx, sha, fma, vzeroupper, clflush, clflushopt, clwb
Processor Information for processor 0
  Max Mhz: 1700, Current Mhz: 1700, Mhz Limit: 1700
Processor Information for processor 1
  Max Mhz: 1700, Current Mhz: 1700, Mhz Limit: 1700
Processor Information for processor 2
  Max Mhz: 1700, Current Mhz: 1700, Mhz Limit: 1700
Processor Information for processor 3
  Max Mhz: 1700, Current Mhz: 1700, Mhz Limit: 1700
Processor Information for processor 4
  Max Mhz: 1700, Current Mhz: 1700, Mhz Limit: 1700
Processor Information for processor 5
  Max Mhz: 1700, Current Mhz: 1700, Mhz Limit: 1700
Processor Information for processor 6
  Max Mhz: 1700, Current Mhz: 1700, Mhz Limit: 1700
Processor Information for processor 7
  Max Mhz: 1700, Current Mhz: 1700, Mhz Limit: 1700
Processor Information for processor 8
  Max Mhz: 1700, Current Mhz: 1200, Mhz Limit: 1190
Processor Information for processor 9
  Max Mhz: 1700, Current Mhz: 1200, Mhz Limit: 1190
Processor Information for processor 10
  Max Mhz: 1700, Current Mhz: 1200, Mhz Limit: 1190
Processor Information for processor 11
  Max Mhz: 1700, Current Mhz: 1200, Mhz Limit: 1190
Processor Information for processor 12
  Max Mhz: 1700, Current Mhz: 1200, Mhz Limit: 1190
Processor Information for processor 13
  Max Mhz: 1700, Current Mhz: 1200, Mhz Limit: 1190
Processor Information for processor 14
  Max Mhz: 1700, Current Mhz: 1200, Mhz Limit: 1190
Processor Information for processor 15
  Max Mhz: 1700, Current Mhz: 1200, Mhz Limit: 1190

Memory: 4k page, system-wide physical 7908M (481M free)
TotalPageFile size 32484M (AvailPageFile size 19M)
current process WorkingSet (physical memory assigned to process): 12M, peak: 12M
current process commit charge ("private bytes"): 71M, peak: 199M

vm_info: OpenJDK 64-Bit Server VM (17.0.8+7-b1000.22) for windows-amd64 JRE (17.0.8+7-b1000.22), built on 2023-09-02 by "builduser" with MS VC++ 16.10 / 16.11 (VS2019)

END.
